TimeQuest Timing Analyzer report for alu
Wed Oct 05 21:02:09 2016
Quartus II 64-Bit Version 13.0.1 Build 232 06/12/2013 Service Pack 1 SJ Web Edition


---------------------
; Table of Contents ;
---------------------
  1. Legal Notice
  2. TimeQuest Timing Analyzer Summary
  3. Parallel Compilation
  4. Clocks
  5. Slow Model Fmax Summary
  6. Slow Model Setup Summary
  7. Slow Model Hold Summary
  8. Slow Model Recovery Summary
  9. Slow Model Removal Summary
 10. Slow Model Minimum Pulse Width Summary
 11. Propagation Delay
 12. Minimum Propagation Delay
 13. Fast Model Setup Summary
 14. Fast Model Hold Summary
 15. Fast Model Recovery Summary
 16. Fast Model Removal Summary
 17. Fast Model Minimum Pulse Width Summary
 18. Propagation Delay
 19. Minimum Propagation Delay
 20. Multicorner Timing Analysis Summary
 21. Progagation Delay
 22. Minimum Progagation Delay
 23. Clock Transfers
 24. Report TCCS
 25. Report RSKM
 26. Unconstrained Paths
 27. TimeQuest Timing Analyzer Messages



----------------
; Legal Notice ;
----------------
Copyright (C) 1991-2013 Altera Corporation
Your use of Altera Corporation's design tools, logic functions 
and other software and tools, and its AMPP partner logic 
functions, and any output files from any of the foregoing 
(including device programming or simulation files), and any 
associated documentation or information are expressly subject 
to the terms and conditions of the Altera Program License 
Subscription Agreement, Altera MegaCore Function License 
Agreement, or other applicable license agreement, including, 
without limitation, that your use is for the sole purpose of 
programming logic devices manufactured by Altera and sold by 
Altera or its authorized distributors.  Please refer to the 
applicable agreement for further details.



+----------------------------------------------------------------------------------------+
; TimeQuest Timing Analyzer Summary                                                      ;
+--------------------+-------------------------------------------------------------------+
; Quartus II Version ; Version 13.0.1 Build 232 06/12/2013 Service Pack 1 SJ Web Edition ;
; Revision Name      ; alu                                                               ;
; Device Family      ; Cyclone II                                                        ;
; Device Name        ; EP2C35F672C6                                                      ;
; Timing Models      ; Final                                                             ;
; Delay Model        ; Combined                                                          ;
; Rise/Fall Delays   ; Unavailable                                                       ;
+--------------------+-------------------------------------------------------------------+


Parallel compilation was disabled, but you have multiple processors available. Enable parallel compilation to reduce compilation time.
+-------------------------------------+
; Parallel Compilation                ;
+----------------------------+--------+
; Processors                 ; Number ;
+----------------------------+--------+
; Number detected on machine ; 4      ;
; Maximum allowed            ; 1      ;
+----------------------------+--------+


----------
; Clocks ;
----------
No clocks to report.


---------------------------
; Slow Model Fmax Summary ;
---------------------------
No paths to report.


----------------------------
; Slow Model Setup Summary ;
----------------------------
No paths to report.


---------------------------
; Slow Model Hold Summary ;
---------------------------
No paths to report.


-------------------------------
; Slow Model Recovery Summary ;
-------------------------------
No paths to report.


------------------------------
; Slow Model Removal Summary ;
------------------------------
No paths to report.


------------------------------------------
; Slow Model Minimum Pulse Width Summary ;
------------------------------------------
No paths to report.


+--------------------------------------------------------------+
; Propagation Delay                                            ;
+------------+-------------+--------+--------+--------+--------+
; Input Port ; Output Port ; RR     ; RF     ; FR     ; FF     ;
+------------+-------------+--------+--------+--------+--------+
; a[0]       ; ovf         ; 9.334  ; 9.334  ; 9.334  ; 9.334  ;
; a[0]       ; r[0]        ; 10.054 ; 10.063 ; 10.063 ; 10.054 ;
; a[0]       ; r[1]        ; 10.119 ; 10.119 ; 10.119 ; 10.119 ;
; a[0]       ; r[2]        ; 10.975 ; 10.975 ; 10.975 ; 10.975 ;
; a[0]       ; r[3]        ; 10.904 ; 10.904 ; 10.904 ; 10.904 ;
; a[0]       ; r[4]        ; 9.869  ; 9.869  ; 9.869  ; 9.869  ;
; a[0]       ; r[5]        ; 10.935 ; 10.935 ; 10.935 ; 10.935 ;
; a[0]       ; r[6]        ; 10.971 ; 10.971 ; 10.971 ; 10.971 ;
; a[0]       ; r[7]        ; 10.432 ; 10.432 ; 10.432 ; 10.432 ;
; a[0]       ; zero        ; 12.115 ; 12.115 ; 12.115 ; 12.115 ;
; a[1]       ; ovf         ; 12.286 ; 12.286 ; 12.286 ; 12.286 ;
; a[1]       ; r[0]        ;        ; 13.035 ; 13.035 ;        ;
; a[1]       ; r[1]        ; 12.770 ; 12.770 ; 12.770 ; 12.770 ;
; a[1]       ; r[2]        ; 13.803 ; 13.803 ; 13.803 ; 13.803 ;
; a[1]       ; r[3]        ; 13.732 ; 13.732 ; 13.732 ; 13.732 ;
; a[1]       ; r[4]        ; 12.697 ; 12.697 ; 12.697 ; 12.697 ;
; a[1]       ; r[5]        ; 13.763 ; 13.763 ; 13.763 ; 13.763 ;
; a[1]       ; r[6]        ; 13.799 ; 13.799 ; 13.799 ; 13.799 ;
; a[1]       ; r[7]        ; 13.260 ; 13.260 ; 13.260 ; 13.260 ;
; a[1]       ; zero        ; 14.943 ; 14.943 ; 14.943 ; 14.943 ;
; a[2]       ; ovf         ; 12.176 ; 12.176 ; 12.176 ; 12.176 ;
; a[2]       ; r[0]        ;        ; 12.923 ; 12.923 ;        ;
; a[2]       ; r[2]        ; 13.444 ; 13.444 ; 13.444 ; 13.444 ;
; a[2]       ; r[3]        ; 13.688 ; 13.688 ; 13.688 ; 13.688 ;
; a[2]       ; r[4]        ; 12.653 ; 12.653 ; 12.653 ; 12.653 ;
; a[2]       ; r[5]        ; 13.719 ; 13.719 ; 13.719 ; 13.719 ;
; a[2]       ; r[6]        ; 13.755 ; 13.755 ; 13.755 ; 13.755 ;
; a[2]       ; r[7]        ; 13.216 ; 13.216 ; 13.216 ; 13.216 ;
; a[2]       ; zero        ; 14.899 ; 14.899 ; 14.899 ; 14.899 ;
; a[3]       ; ovf         ; 12.092 ; 12.092 ; 12.092 ; 12.092 ;
; a[3]       ; r[0]        ;        ; 12.832 ; 12.832 ;        ;
; a[3]       ; r[3]        ; 13.250 ; 13.250 ; 13.250 ; 13.250 ;
; a[3]       ; r[4]        ; 12.532 ; 12.532 ; 12.532 ; 12.532 ;
; a[3]       ; r[5]        ; 13.598 ; 13.598 ; 13.598 ; 13.598 ;
; a[3]       ; r[6]        ; 13.634 ; 13.634 ; 13.634 ; 13.634 ;
; a[3]       ; r[7]        ; 13.095 ; 13.095 ; 13.095 ; 13.095 ;
; a[3]       ; zero        ; 14.778 ; 14.778 ; 14.778 ; 14.778 ;
; a[4]       ; ovf         ; 12.012 ; 12.012 ; 12.012 ; 12.012 ;
; a[4]       ; r[0]        ;        ; 12.755 ; 12.755 ;        ;
; a[4]       ; r[4]        ; 12.159 ; 12.159 ; 12.159 ; 12.159 ;
; a[4]       ; r[5]        ; 13.540 ; 13.540 ; 13.540 ; 13.540 ;
; a[4]       ; r[6]        ; 13.576 ; 13.576 ; 13.576 ; 13.576 ;
; a[4]       ; r[7]        ; 13.037 ; 13.037 ; 13.037 ; 13.037 ;
; a[4]       ; zero        ; 14.720 ; 14.720 ; 14.720 ; 14.720 ;
; a[5]       ; ovf         ; 11.703 ; 11.703 ; 11.703 ; 11.703 ;
; a[5]       ; r[0]        ;        ; 12.450 ; 12.450 ;        ;
; a[5]       ; r[5]        ; 12.860 ; 12.860 ; 12.860 ; 12.860 ;
; a[5]       ; r[6]        ; 13.213 ; 13.213 ; 13.213 ; 13.213 ;
; a[5]       ; r[7]        ; 12.674 ; 12.674 ; 12.674 ; 12.674 ;
; a[5]       ; zero        ; 14.334 ; 14.158 ; 14.158 ; 14.334 ;
; a[6]       ; ovf         ; 11.860 ; 11.860 ; 11.860 ; 11.860 ;
; a[6]       ; r[0]        ;        ; 12.606 ; 12.606 ;        ;
; a[6]       ; r[6]        ; 13.071 ; 13.071 ; 13.071 ; 13.071 ;
; a[6]       ; r[7]        ; 12.844 ; 12.844 ; 12.844 ; 12.844 ;
; a[6]       ; zero        ; 14.490 ; 14.016 ; 14.016 ; 14.490 ;
; a[7]       ; ovf         ; 11.532 ; 11.532 ; 11.532 ; 11.532 ;
; a[7]       ; r[0]        ;        ; 12.253 ; 12.253 ;        ;
; a[7]       ; r[7]        ; 12.496 ; 12.496 ; 12.496 ; 12.496 ;
; a[7]       ; zero        ; 14.137 ; 13.069 ; 13.069 ; 14.137 ;
; b[0]       ; ovf         ; 9.322  ; 9.322  ; 9.322  ; 9.322  ;
; b[0]       ; r[0]        ; 10.061 ; 9.954  ; 9.954  ; 10.061 ;
; b[0]       ; r[1]        ; 10.121 ; 10.121 ; 10.121 ; 10.121 ;
; b[0]       ; r[2]        ; 10.874 ; 10.874 ; 10.874 ; 10.874 ;
; b[0]       ; r[3]        ; 10.803 ; 10.803 ; 10.803 ; 10.803 ;
; b[0]       ; r[4]        ; 9.768  ; 9.768  ; 9.768  ; 9.768  ;
; b[0]       ; r[5]        ; 10.834 ; 10.834 ; 10.834 ; 10.834 ;
; b[0]       ; r[6]        ; 10.870 ; 10.870 ; 10.870 ; 10.870 ;
; b[0]       ; r[7]        ; 10.331 ; 10.331 ; 10.331 ; 10.331 ;
; b[0]       ; zero        ; 12.014 ; 12.014 ; 12.014 ; 12.014 ;
; b[1]       ; ovf         ; 12.320 ; 12.320 ; 12.320 ; 12.320 ;
; b[1]       ; r[0]        ; 12.945 ;        ;        ; 12.945 ;
; b[1]       ; r[1]        ; 12.683 ; 12.683 ; 12.683 ; 12.683 ;
; b[1]       ; r[2]        ; 13.961 ; 13.961 ; 13.961 ; 13.961 ;
; b[1]       ; r[3]        ; 13.890 ; 13.890 ; 13.890 ; 13.890 ;
; b[1]       ; r[4]        ; 12.855 ; 12.855 ; 12.855 ; 12.855 ;
; b[1]       ; r[5]        ; 13.921 ; 13.921 ; 13.921 ; 13.921 ;
; b[1]       ; r[6]        ; 13.957 ; 13.957 ; 13.957 ; 13.957 ;
; b[1]       ; r[7]        ; 13.418 ; 13.418 ; 13.418 ; 13.418 ;
; b[1]       ; zero        ; 15.101 ; 15.101 ; 15.101 ; 15.101 ;
; b[2]       ; ovf         ; 12.202 ; 12.202 ; 12.202 ; 12.202 ;
; b[2]       ; r[0]        ; 12.943 ;        ;        ; 12.943 ;
; b[2]       ; r[2]        ; 13.366 ; 13.366 ; 13.366 ; 13.366 ;
; b[2]       ; r[3]        ; 13.607 ; 13.607 ; 13.607 ; 13.607 ;
; b[2]       ; r[4]        ; 12.572 ; 12.572 ; 12.572 ; 12.572 ;
; b[2]       ; r[5]        ; 13.638 ; 13.638 ; 13.638 ; 13.638 ;
; b[2]       ; r[6]        ; 13.674 ; 13.674 ; 13.674 ; 13.674 ;
; b[2]       ; r[7]        ; 13.135 ; 13.135 ; 13.135 ; 13.135 ;
; b[2]       ; zero        ; 14.818 ; 14.827 ; 14.827 ; 14.818 ;
; b[3]       ; ovf         ; 12.115 ; 12.115 ; 12.115 ; 12.115 ;
; b[3]       ; r[0]        ; 12.864 ;        ;        ; 12.864 ;
; b[3]       ; r[3]        ; 13.195 ; 13.195 ; 13.195 ; 13.195 ;
; b[3]       ; r[4]        ; 12.472 ; 12.472 ; 12.472 ; 12.472 ;
; b[3]       ; r[5]        ; 13.538 ; 13.538 ; 13.538 ; 13.538 ;
; b[3]       ; r[6]        ; 13.574 ; 13.574 ; 13.574 ; 13.574 ;
; b[3]       ; r[7]        ; 13.035 ; 13.035 ; 13.035 ; 13.035 ;
; b[3]       ; zero        ; 14.718 ; 14.748 ; 14.748 ; 14.718 ;
; b[4]       ; ovf         ; 11.733 ; 11.733 ; 11.733 ; 11.733 ;
; b[4]       ; r[0]        ; 12.474 ;        ;        ; 12.474 ;
; b[4]       ; r[4]        ; 11.805 ; 11.805 ; 11.805 ; 11.805 ;
; b[4]       ; r[5]        ; 13.183 ; 13.183 ; 13.183 ; 13.183 ;
; b[4]       ; r[6]        ; 13.219 ; 13.219 ; 13.219 ; 13.219 ;
; b[4]       ; r[7]        ; 12.680 ; 12.680 ; 12.680 ; 12.680 ;
; b[4]       ; zero        ; 14.363 ; 14.363 ; 14.363 ; 14.363 ;
; b[5]       ; ovf         ; 11.996 ; 11.996 ; 11.996 ; 11.996 ;
; b[5]       ; r[0]        ; 12.740 ;        ;        ; 12.740 ;
; b[5]       ; r[5]        ; 13.147 ; 13.147 ; 13.147 ; 13.147 ;
; b[5]       ; r[6]        ; 13.495 ; 13.495 ; 13.495 ; 13.495 ;
; b[5]       ; r[7]        ; 12.956 ; 12.956 ; 12.956 ; 12.956 ;
; b[5]       ; zero        ; 14.440 ; 14.624 ; 14.624 ; 14.440 ;
; b[6]       ; ovf         ; 11.602 ; 11.602 ; 11.602 ; 11.602 ;
; b[6]       ; r[0]        ; 12.347 ;        ;        ; 12.347 ;
; b[6]       ; r[6]        ; 12.814 ; 12.814 ; 12.814 ; 12.814 ;
; b[6]       ; r[7]        ; 12.592 ; 12.592 ; 12.592 ; 12.592 ;
; b[6]       ; zero        ; 13.759 ; 14.231 ; 14.231 ; 13.759 ;
; b[7]       ; ovf         ; 11.369 ; 11.369 ; 11.369 ; 11.369 ;
; b[7]       ; r[0]        ; 11.964 ;        ;        ; 11.964 ;
; b[7]       ; r[7]        ; 12.467 ; 12.467 ; 12.467 ; 12.467 ;
; b[7]       ; zero        ; 13.040 ; 13.848 ; 13.848 ; 13.040 ;
; op[0]      ; ovf         ; 10.671 ; 10.671 ; 10.671 ; 10.671 ;
; op[0]      ; r[0]        ; 11.379 ; 11.012 ; 11.012 ; 11.379 ;
; op[0]      ; r[1]        ; 10.362 ; 10.978 ; 10.978 ; 10.362 ;
; op[0]      ; r[2]        ; 10.917 ; 10.917 ; 10.917 ; 10.917 ;
; op[0]      ; r[3]        ; 10.601 ; 10.601 ; 10.601 ; 10.601 ;
; op[0]      ; r[4]        ; 10.564 ; 11.373 ; 11.373 ; 10.564 ;
; op[0]      ; r[5]        ; 10.162 ; 11.653 ; 11.653 ; 10.162 ;
; op[0]      ; r[6]        ; 10.230 ; 12.710 ; 12.710 ; 10.230 ;
; op[0]      ; r[7]        ; 10.944 ; 11.153 ; 11.153 ; 10.944 ;
; op[0]      ; zero        ; 13.655 ; 13.263 ; 13.263 ; 13.655 ;
; op[1]      ; ovf         ; 11.088 ; 11.088 ; 11.088 ; 11.088 ;
; op[1]      ; r[0]        ; 11.514 ; 12.861 ; 12.861 ; 11.514 ;
; op[1]      ; r[1]        ; 11.430 ; 11.430 ; 11.430 ; 11.430 ;
; op[1]      ; r[2]        ; 12.018 ; 12.018 ; 12.018 ; 12.018 ;
; op[1]      ; r[3]        ; 11.673 ; 11.673 ; 11.673 ; 11.673 ;
; op[1]      ; r[4]        ; 11.949 ; 11.949 ; 11.949 ; 11.949 ;
; op[1]      ; r[5]        ; 12.828 ; 12.828 ; 12.828 ; 12.828 ;
; op[1]      ; r[6]        ; 12.821 ; 12.821 ; 12.821 ; 12.821 ;
; op[1]      ; r[7]        ; 12.344 ; 12.344 ; 12.344 ; 12.344 ;
; op[1]      ; zero        ; 14.745 ; 14.027 ; 14.027 ; 14.745 ;
; op[2]      ; ovf         ; 10.953 ; 10.953 ; 10.953 ; 10.953 ;
; op[2]      ; r[0]        ; 11.413 ; 12.746 ; 12.746 ; 11.413 ;
; op[2]      ; r[1]        ; 11.331 ; 11.331 ; 11.331 ; 11.331 ;
; op[2]      ; r[2]        ; 11.632 ; 11.632 ; 11.632 ; 11.632 ;
; op[2]      ; r[3]        ; 11.286 ; 11.286 ; 11.286 ; 11.286 ;
; op[2]      ; r[4]        ; 11.540 ; 11.540 ; 11.540 ; 11.540 ;
; op[2]      ; r[5]        ; 12.418 ; 12.418 ; 12.418 ; 12.418 ;
; op[2]      ; r[6]        ; 12.411 ; 12.411 ; 12.411 ; 12.411 ;
; op[2]      ; r[7]        ; 11.935 ; 11.935 ; 11.935 ; 11.935 ;
; op[2]      ; zero        ; 14.630 ; 13.618 ; 13.618 ; 14.630 ;
; op[3]      ; ovf         ; 10.927 ; 10.927 ; 10.927 ; 10.927 ;
; op[3]      ; r[0]        ; 10.318 ; 10.697 ; 10.697 ; 10.318 ;
; op[3]      ; r[1]        ; 10.899 ; 10.377 ; 10.377 ; 10.899 ;
; op[3]      ; r[2]        ; 10.669 ; 10.328 ; 10.328 ; 10.669 ;
; op[3]      ; r[3]        ; 10.378 ; 10.036 ; 10.036 ; 10.378 ;
; op[3]      ; r[4]        ; 12.121 ; 12.121 ; 12.121 ; 12.121 ;
; op[3]      ; r[5]        ; 13.000 ; 13.000 ; 13.000 ; 13.000 ;
; op[3]      ; r[6]        ; 12.993 ; 12.993 ; 12.993 ; 12.993 ;
; op[3]      ; r[7]        ; 12.516 ; 12.516 ; 12.516 ; 12.516 ;
; op[3]      ; zero        ; 14.199 ; 14.199 ; 14.199 ; 14.199 ;
; op[4]      ; ovf         ; 11.157 ; 11.157 ; 11.157 ; 11.157 ;
; op[4]      ; r[0]        ;        ; 10.926 ; 10.926 ;        ;
; op[4]      ; r[1]        ;        ; 11.497 ; 11.497 ;        ;
; op[4]      ; r[2]        ;        ; 11.267 ; 11.267 ;        ;
; op[4]      ; r[3]        ;        ; 10.976 ; 10.976 ;        ;
; op[4]      ; r[4]        ;        ; 11.892 ; 11.892 ;        ;
; op[4]      ; r[5]        ;        ; 12.172 ; 12.172 ;        ;
; op[4]      ; r[6]        ;        ; 13.229 ; 13.229 ;        ;
; op[4]      ; r[7]        ;        ; 11.672 ; 11.672 ;        ;
; op[4]      ; zero        ; 14.174 ;        ;        ; 14.174 ;
+------------+-------------+--------+--------+--------+--------+


+--------------------------------------------------------------+
; Minimum Propagation Delay                                    ;
+------------+-------------+--------+--------+--------+--------+
; Input Port ; Output Port ; RR     ; RF     ; FR     ; FF     ;
+------------+-------------+--------+--------+--------+--------+
; a[0]       ; ovf         ; 9.320  ; 9.320  ; 9.320  ; 9.320  ;
; a[0]       ; r[0]        ; 8.803  ; 6.765  ; 6.765  ; 8.803  ;
; a[0]       ; r[1]        ; 9.984  ; 9.984  ; 9.984  ; 9.984  ;
; a[0]       ; r[2]        ; 10.785 ; 10.785 ; 10.785 ; 10.785 ;
; a[0]       ; r[3]        ; 10.477 ; 10.477 ; 10.477 ; 10.477 ;
; a[0]       ; r[4]        ; 7.990  ; 7.990  ; 7.990  ; 7.990  ;
; a[0]       ; r[5]        ; 9.520  ; 9.520  ; 9.520  ; 9.520  ;
; a[0]       ; r[6]        ; 10.040 ; 10.040 ; 10.040 ; 10.040 ;
; a[0]       ; r[7]        ; 9.087  ; 9.087  ; 9.087  ; 9.087  ;
; a[0]       ; zero        ; 8.649  ; 9.660  ; 9.660  ; 8.649  ;
; a[1]       ; ovf         ; 12.162 ; 12.162 ; 12.162 ; 12.162 ;
; a[1]       ; r[0]        ;        ; 13.035 ; 13.035 ;        ;
; a[1]       ; r[1]        ; 9.761  ; 9.894  ; 9.894  ; 9.761  ;
; a[1]       ; r[2]        ; 13.751 ; 13.751 ; 13.751 ; 13.751 ;
; a[1]       ; r[3]        ; 13.443 ; 13.443 ; 13.443 ; 13.443 ;
; a[1]       ; r[4]        ; 12.025 ; 12.025 ; 12.025 ; 12.025 ;
; a[1]       ; r[5]        ; 11.481 ; 11.481 ; 11.481 ; 11.481 ;
; a[1]       ; r[6]        ; 13.006 ; 13.006 ; 13.006 ; 13.006 ;
; a[1]       ; r[7]        ; 12.053 ; 12.053 ; 12.053 ; 12.053 ;
; a[1]       ; zero        ; 10.930 ; 10.797 ; 10.797 ; 10.930 ;
; a[2]       ; ovf         ; 12.118 ; 12.118 ; 12.118 ; 12.118 ;
; a[2]       ; r[0]        ;        ; 12.923 ; 12.923 ;        ;
; a[2]       ; r[2]        ; 9.921  ; 9.616  ; 9.616  ; 9.921  ;
; a[2]       ; r[3]        ; 13.333 ; 13.333 ; 13.333 ; 13.333 ;
; a[2]       ; r[4]        ; 11.915 ; 11.915 ; 11.915 ; 11.915 ;
; a[2]       ; r[5]        ; 12.376 ; 12.376 ; 12.376 ; 12.376 ;
; a[2]       ; r[6]        ; 11.504 ; 11.504 ; 11.504 ; 11.504 ;
; a[2]       ; r[7]        ; 11.943 ; 11.943 ; 11.943 ; 11.943 ;
; a[2]       ; zero        ; 10.660 ; 10.965 ; 10.965 ; 10.660 ;
; a[3]       ; ovf         ; 11.997 ; 11.997 ; 11.997 ; 11.997 ;
; a[3]       ; r[0]        ;        ; 12.832 ; 12.832 ;        ;
; a[3]       ; r[3]        ; 9.925  ; 9.445  ; 9.445  ; 9.925  ;
; a[3]       ; r[4]        ; 11.831 ; 11.831 ; 11.831 ; 11.831 ;
; a[3]       ; r[5]        ; 12.292 ; 12.292 ; 12.292 ; 12.292 ;
; a[3]       ; r[6]        ; 12.812 ; 12.812 ; 12.812 ; 12.812 ;
; a[3]       ; r[7]        ; 10.985 ; 10.985 ; 10.985 ; 10.985 ;
; a[3]       ; zero        ; 10.555 ; 11.035 ; 11.035 ; 10.555 ;
; a[4]       ; ovf         ; 11.939 ; 11.939 ; 11.939 ; 11.939 ;
; a[4]       ; r[0]        ;        ; 12.755 ; 12.755 ;        ;
; a[4]       ; r[4]        ; 9.559  ; 9.559  ; 9.559  ; 9.559  ;
; a[4]       ; r[5]        ; 12.212 ; 12.212 ; 12.212 ; 12.212 ;
; a[4]       ; r[6]        ; 12.732 ; 12.732 ; 12.732 ; 12.732 ;
; a[4]       ; r[7]        ; 11.779 ; 11.779 ; 11.779 ; 11.779 ;
; a[4]       ; zero        ; 11.637 ; 11.637 ; 11.637 ; 11.637 ;
; a[5]       ; ovf         ; 11.576 ; 11.576 ; 11.576 ; 11.576 ;
; a[5]       ; r[0]        ;        ; 12.450 ; 12.450 ;        ;
; a[5]       ; r[5]        ; 9.113  ; 10.499 ; 10.499 ; 9.113  ;
; a[5]       ; r[6]        ; 12.423 ; 12.423 ; 12.423 ; 12.423 ;
; a[5]       ; r[7]        ; 11.470 ; 11.470 ; 11.470 ; 11.470 ;
; a[5]       ; zero        ; 11.679 ; 10.884 ; 10.884 ; 11.679 ;
; a[6]       ; ovf         ; 11.746 ; 11.746 ; 11.746 ; 11.746 ;
; a[6]       ; r[0]        ;        ; 12.606 ; 12.606 ;        ;
; a[6]       ; r[6]        ; 9.511  ; 10.211 ; 10.211 ; 9.511  ;
; a[6]       ; r[7]        ; 11.627 ; 11.627 ; 11.627 ; 11.627 ;
; a[6]       ; zero        ; 11.156 ; 10.456 ; 10.456 ; 11.156 ;
; a[7]       ; ovf         ; 9.490  ; 9.490  ; 9.490  ; 9.490  ;
; a[7]       ; r[0]        ;        ; 12.253 ; 12.253 ;        ;
; a[7]       ; r[7]        ; 10.113 ; 10.113 ; 10.113 ; 10.113 ;
; a[7]       ; zero        ; 10.686 ; 10.686 ; 10.686 ; 10.686 ;
; b[0]       ; ovf         ; 9.233  ; 9.233  ; 9.233  ; 9.233  ;
; b[0]       ; r[0]        ; 8.882  ; 7.409  ; 7.409  ; 8.882  ;
; b[0]       ; r[1]        ; 9.883  ; 9.883  ; 9.883  ; 9.883  ;
; b[0]       ; r[2]        ; 10.787 ; 10.787 ; 10.787 ; 10.787 ;
; b[0]       ; r[3]        ; 10.479 ; 10.479 ; 10.479 ; 10.479 ;
; b[0]       ; r[4]        ; 9.061  ; 9.061  ; 9.061  ; 9.061  ;
; b[0]       ; r[5]        ; 9.522  ; 9.522  ; 9.522  ; 9.522  ;
; b[0]       ; r[6]        ; 10.042 ; 10.042 ; 10.042 ; 10.042 ;
; b[0]       ; r[7]        ; 9.089  ; 9.089  ; 9.089  ; 9.089  ;
; b[0]       ; zero        ; 9.293  ; 9.662  ; 9.662  ; 9.293  ;
; b[1]       ; ovf         ; 12.200 ; 12.200 ; 12.200 ; 12.200 ;
; b[1]       ; r[0]        ; 12.945 ;        ;        ; 12.945 ;
; b[1]       ; r[1]        ; 9.917  ; 10.004 ; 10.004 ; 9.917  ;
; b[1]       ; r[2]        ; 13.665 ; 13.665 ; 13.665 ; 13.665 ;
; b[1]       ; r[3]        ; 13.357 ; 13.357 ; 13.357 ; 13.357 ;
; b[1]       ; r[4]        ; 11.939 ; 11.939 ; 11.939 ; 11.939 ;
; b[1]       ; r[5]        ; 12.400 ; 12.400 ; 12.400 ; 12.400 ;
; b[1]       ; r[6]        ; 12.920 ; 12.920 ; 12.920 ; 12.920 ;
; b[1]       ; r[7]        ; 11.967 ; 11.967 ; 11.967 ; 11.967 ;
; b[1]       ; zero        ; 11.040 ; 10.953 ; 10.953 ; 11.040 ;
; b[2]       ; ovf         ; 12.037 ; 12.037 ; 12.037 ; 12.037 ;
; b[2]       ; r[0]        ; 12.943 ;        ;        ; 12.943 ;
; b[2]       ; r[2]        ; 10.390 ; 10.089 ; 10.089 ; 10.390 ;
; b[2]       ; r[3]        ; 13.359 ; 13.359 ; 13.359 ; 13.359 ;
; b[2]       ; r[4]        ; 11.941 ; 11.941 ; 11.941 ; 11.941 ;
; b[2]       ; r[5]        ; 12.402 ; 12.402 ; 12.402 ; 12.402 ;
; b[2]       ; r[6]        ; 12.922 ; 12.922 ; 12.922 ; 12.922 ;
; b[2]       ; r[7]        ; 11.969 ; 11.969 ; 11.969 ; 11.969 ;
; b[2]       ; zero        ; 11.133 ; 11.434 ; 11.434 ; 11.133 ;
; b[3]       ; ovf         ; 11.937 ; 11.937 ; 11.937 ; 11.937 ;
; b[3]       ; r[0]        ; 12.864 ;        ;        ; 12.864 ;
; b[3]       ; r[3]        ; 9.590  ; 9.284  ; 9.284  ; 9.590  ;
; b[3]       ; r[4]        ; 11.854 ; 11.854 ; 11.854 ; 11.854 ;
; b[3]       ; r[5]        ; 12.315 ; 12.315 ; 12.315 ; 12.315 ;
; b[3]       ; r[6]        ; 12.835 ; 12.835 ; 12.835 ; 12.835 ;
; b[3]       ; r[7]        ; 11.882 ; 11.882 ; 11.882 ; 11.882 ;
; b[3]       ; zero        ; 10.394 ; 10.700 ; 10.700 ; 10.394 ;
; b[4]       ; ovf         ; 11.582 ; 11.582 ; 11.582 ; 11.582 ;
; b[4]       ; r[0]        ; 12.474 ;        ;        ; 12.474 ;
; b[4]       ; r[4]        ; 9.791  ; 9.791  ; 9.791  ; 9.791  ;
; b[4]       ; r[5]        ; 11.933 ; 11.933 ; 11.933 ; 11.933 ;
; b[4]       ; r[6]        ; 12.453 ; 12.453 ; 12.453 ; 12.453 ;
; b[4]       ; r[7]        ; 11.500 ; 11.500 ; 11.500 ; 11.500 ;
; b[4]       ; zero        ; 11.869 ; 11.869 ; 11.869 ; 11.869 ;
; b[5]       ; ovf         ; 11.858 ; 11.858 ; 11.858 ; 11.858 ;
; b[5]       ; r[0]        ; 12.740 ;        ;        ; 12.740 ;
; b[5]       ; r[5]        ; 9.724  ; 11.067 ; 11.067 ; 9.724  ;
; b[5]       ; r[6]        ; 12.716 ; 12.716 ; 12.716 ; 12.716 ;
; b[5]       ; r[7]        ; 11.763 ; 11.763 ; 11.763 ; 11.763 ;
; b[5]       ; zero        ; 12.247 ; 11.492 ; 11.492 ; 12.247 ;
; b[6]       ; ovf         ; 11.494 ; 11.494 ; 11.494 ; 11.494 ;
; b[6]       ; r[0]        ; 12.347 ;        ;        ; 12.347 ;
; b[6]       ; r[6]        ; 9.210  ; 10.594 ; 10.594 ; 9.210  ;
; b[6]       ; r[7]        ; 11.369 ; 11.369 ; 11.369 ; 11.369 ;
; b[6]       ; zero        ; 11.539 ; 10.155 ; 10.155 ; 11.539 ;
; b[7]       ; ovf         ; 9.642  ; 9.642  ; 9.642  ; 9.642  ;
; b[7]       ; r[0]        ; 11.964 ;        ;        ; 11.964 ;
; b[7]       ; r[7]        ; 10.088 ; 10.088 ; 10.088 ; 10.088 ;
; b[7]       ; zero        ; 10.661 ; 10.661 ; 10.661 ; 10.661 ;
; op[0]      ; ovf         ; 10.671 ; 10.671 ; 10.671 ; 10.671 ;
; op[0]      ; r[0]        ; 11.093 ; 10.397 ; 10.397 ; 11.093 ;
; op[0]      ; r[1]        ; 10.362 ; 10.362 ; 10.362 ; 10.362 ;
; op[0]      ; r[2]        ; 10.917 ; 10.748 ; 10.748 ; 10.917 ;
; op[0]      ; r[3]        ; 10.601 ; 10.457 ; 10.457 ; 10.601 ;
; op[0]      ; r[4]        ; 10.564 ; 10.832 ; 10.832 ; 10.564 ;
; op[0]      ; r[5]        ; 10.162 ; 11.376 ; 11.376 ; 10.162 ;
; op[0]      ; r[6]        ; 10.230 ; 11.601 ; 11.601 ; 10.230 ;
; op[0]      ; r[7]        ; 10.944 ; 10.403 ; 10.403 ; 10.944 ;
; op[0]      ; zero        ; 10.976 ; 11.175 ; 11.175 ; 10.976 ;
; op[1]      ; ovf         ; 11.088 ; 11.088 ; 11.088 ; 11.088 ;
; op[1]      ; r[0]        ; 10.977 ; 10.172 ; 10.172 ; 10.977 ;
; op[1]      ; r[1]        ; 11.116 ; 10.753 ; 10.753 ; 11.116 ;
; op[1]      ; r[2]        ; 11.193 ; 10.523 ; 10.523 ; 11.193 ;
; op[1]      ; r[3]        ; 10.906 ; 10.232 ; 10.232 ; 10.906 ;
; op[1]      ; r[4]        ; 10.575 ; 10.987 ; 10.987 ; 10.575 ;
; op[1]      ; r[5]        ; 11.396 ; 10.585 ; 10.585 ; 11.396 ;
; op[1]      ; r[6]        ; 11.344 ; 10.653 ; 10.653 ; 11.344 ;
; op[1]      ; r[7]        ; 10.146 ; 10.928 ; 10.928 ; 10.146 ;
; op[1]      ; zero        ; 11.342 ; 10.719 ; 10.719 ; 11.342 ;
; op[2]      ; ovf         ; 10.953 ; 10.953 ; 10.953 ; 10.953 ;
; op[2]      ; r[0]        ; 9.770  ; 10.842 ; 10.842 ; 9.770  ;
; op[2]      ; r[1]        ; 10.351 ; 11.001 ; 11.001 ; 10.351 ;
; op[2]      ; r[2]        ; 10.121 ; 11.078 ; 11.078 ; 10.121 ;
; op[2]      ; r[3]        ; 9.830  ; 10.791 ; 10.791 ; 9.830  ;
; op[2]      ; r[4]        ; 10.746 ; 10.172 ; 10.172 ; 10.746 ;
; op[2]      ; r[5]        ; 10.749 ; 10.861 ; 10.861 ; 10.749 ;
; op[2]      ; r[6]        ; 11.527 ; 10.929 ; 10.929 ; 11.527 ;
; op[2]      ; r[7]        ; 10.166 ; 9.743  ; 9.743  ; 10.166 ;
; op[2]      ; zero        ; 10.316 ; 10.739 ; 10.739 ; 10.316 ;
; op[3]      ; ovf         ; 10.927 ; 10.927 ; 10.927 ; 10.927 ;
; op[3]      ; r[0]        ; 10.318 ; 10.697 ; 10.697 ; 10.318 ;
; op[3]      ; r[1]        ; 10.899 ; 10.377 ; 10.377 ; 10.899 ;
; op[3]      ; r[2]        ; 10.669 ; 10.328 ; 10.328 ; 10.669 ;
; op[3]      ; r[3]        ; 10.378 ; 10.036 ; 10.036 ; 10.378 ;
; op[3]      ; r[4]        ; 11.294 ; 10.751 ; 10.751 ; 11.294 ;
; op[3]      ; r[5]        ; 11.297 ; 11.442 ; 11.442 ; 11.297 ;
; op[3]      ; r[6]        ; 12.075 ; 11.510 ; 11.510 ; 12.075 ;
; op[3]      ; r[7]        ; 10.747 ; 10.322 ; 10.322 ; 10.747 ;
; op[3]      ; zero        ; 10.895 ; 11.320 ; 11.320 ; 10.895 ;
; op[4]      ; ovf         ; 11.157 ; 11.157 ; 11.157 ; 11.157 ;
; op[4]      ; r[0]        ;        ; 10.916 ; 10.916 ;        ;
; op[4]      ; r[1]        ;        ; 10.607 ; 10.607 ;        ;
; op[4]      ; r[2]        ;        ; 10.558 ; 10.558 ;        ;
; op[4]      ; r[3]        ;        ; 10.266 ; 10.266 ;        ;
; op[4]      ; r[4]        ;        ; 11.025 ; 11.025 ;        ;
; op[4]      ; r[5]        ;        ; 10.623 ; 10.623 ;        ;
; op[4]      ; r[6]        ;        ; 10.691 ; 10.691 ;        ;
; op[4]      ; r[7]        ;        ; 10.922 ; 10.922 ;        ;
; op[4]      ; zero        ; 11.376 ;        ;        ; 11.376 ;
+------------+-------------+--------+--------+--------+--------+


----------------------------
; Fast Model Setup Summary ;
----------------------------
No paths to report.


---------------------------
; Fast Model Hold Summary ;
---------------------------
No paths to report.


-------------------------------
; Fast Model Recovery Summary ;
-------------------------------
No paths to report.


------------------------------
; Fast Model Removal Summary ;
------------------------------
No paths to report.


------------------------------------------
; Fast Model Minimum Pulse Width Summary ;
------------------------------------------
No paths to report.


+----------------------------------------------------------+
; Propagation Delay                                        ;
+------------+-------------+-------+-------+-------+-------+
; Input Port ; Output Port ; RR    ; RF    ; FR    ; FF    ;
+------------+-------------+-------+-------+-------+-------+
; a[0]       ; ovf         ; 4.614 ; 4.614 ; 4.614 ; 4.614 ;
; a[0]       ; r[0]        ; 4.912 ; 4.913 ; 4.913 ; 4.912 ;
; a[0]       ; r[1]        ; 4.937 ; 4.937 ; 4.937 ; 4.937 ;
; a[0]       ; r[2]        ; 5.305 ; 5.305 ; 5.305 ; 5.305 ;
; a[0]       ; r[3]        ; 5.260 ; 5.260 ; 5.260 ; 5.260 ;
; a[0]       ; r[4]        ; 4.826 ; 4.826 ; 4.826 ; 4.826 ;
; a[0]       ; r[5]        ; 5.291 ; 5.291 ; 5.291 ; 5.291 ;
; a[0]       ; r[6]        ; 5.321 ; 5.321 ; 5.321 ; 5.321 ;
; a[0]       ; r[7]        ; 5.070 ; 5.070 ; 5.070 ; 5.070 ;
; a[0]       ; zero        ; 5.833 ; 5.833 ; 5.833 ; 5.833 ;
; a[1]       ; ovf         ; 6.482 ; 6.482 ; 6.482 ; 6.482 ;
; a[1]       ; r[0]        ;       ; 6.809 ; 6.809 ;       ;
; a[1]       ; r[1]        ; 6.722 ; 6.722 ; 6.722 ; 6.722 ;
; a[1]       ; r[2]        ; 7.125 ; 7.125 ; 7.125 ; 7.125 ;
; a[1]       ; r[3]        ; 7.080 ; 7.080 ; 7.080 ; 7.080 ;
; a[1]       ; r[4]        ; 6.646 ; 6.646 ; 6.646 ; 6.646 ;
; a[1]       ; r[5]        ; 7.111 ; 7.111 ; 7.111 ; 7.111 ;
; a[1]       ; r[6]        ; 7.141 ; 7.141 ; 7.141 ; 7.141 ;
; a[1]       ; r[7]        ; 6.890 ; 6.890 ; 6.890 ; 6.890 ;
; a[1]       ; zero        ; 7.653 ; 7.653 ; 7.653 ; 7.653 ;
; a[2]       ; ovf         ; 6.447 ; 6.447 ; 6.447 ; 6.447 ;
; a[2]       ; r[0]        ;       ; 6.772 ; 6.772 ;       ;
; a[2]       ; r[2]        ; 7.013 ; 7.013 ; 7.013 ; 7.013 ;
; a[2]       ; r[3]        ; 7.073 ; 7.073 ; 7.073 ; 7.073 ;
; a[2]       ; r[4]        ; 6.639 ; 6.639 ; 6.639 ; 6.639 ;
; a[2]       ; r[5]        ; 7.104 ; 7.104 ; 7.104 ; 7.104 ;
; a[2]       ; r[6]        ; 7.134 ; 7.134 ; 7.134 ; 7.134 ;
; a[2]       ; r[7]        ; 6.883 ; 6.883 ; 6.883 ; 6.883 ;
; a[2]       ; zero        ; 7.646 ; 7.646 ; 7.646 ; 7.646 ;
; a[3]       ; ovf         ; 6.392 ; 6.392 ; 6.392 ; 6.392 ;
; a[3]       ; r[0]        ;       ; 6.711 ; 6.711 ;       ;
; a[3]       ; r[3]        ; 6.890 ; 6.890 ; 6.890 ; 6.890 ;
; a[3]       ; r[4]        ; 6.561 ; 6.561 ; 6.561 ; 6.561 ;
; a[3]       ; r[5]        ; 7.026 ; 7.026 ; 7.026 ; 7.026 ;
; a[3]       ; r[6]        ; 7.056 ; 7.056 ; 7.056 ; 7.056 ;
; a[3]       ; r[7]        ; 6.805 ; 6.805 ; 6.805 ; 6.805 ;
; a[3]       ; zero        ; 7.568 ; 7.568 ; 7.568 ; 7.568 ;
; a[4]       ; ovf         ; 6.349 ; 6.349 ; 6.349 ; 6.349 ;
; a[4]       ; r[0]        ;       ; 6.670 ; 6.670 ;       ;
; a[4]       ; r[4]        ; 6.426 ; 6.426 ; 6.426 ; 6.426 ;
; a[4]       ; r[5]        ; 6.996 ; 6.996 ; 6.996 ; 6.996 ;
; a[4]       ; r[6]        ; 7.026 ; 7.026 ; 7.026 ; 7.026 ;
; a[4]       ; r[7]        ; 6.775 ; 6.775 ; 6.775 ; 6.775 ;
; a[4]       ; zero        ; 7.538 ; 7.538 ; 7.538 ; 7.538 ;
; a[5]       ; ovf         ; 6.203 ; 6.203 ; 6.203 ; 6.203 ;
; a[5]       ; r[0]        ;       ; 6.528 ; 6.528 ;       ;
; a[5]       ; r[5]        ; 6.720 ; 6.720 ; 6.720 ; 6.720 ;
; a[5]       ; r[6]        ; 6.855 ; 6.855 ; 6.855 ; 6.855 ;
; a[5]       ; r[7]        ; 6.604 ; 6.604 ; 6.604 ; 6.604 ;
; a[5]       ; zero        ; 7.344 ; 7.264 ; 7.264 ; 7.344 ;
; a[6]       ; ovf         ; 6.272 ; 6.272 ; 6.272 ; 6.272 ;
; a[6]       ; r[0]        ;       ; 6.595 ; 6.595 ;       ;
; a[6]       ; r[6]        ; 6.833 ; 6.833 ; 6.833 ; 6.833 ;
; a[6]       ; r[7]        ; 6.685 ; 6.685 ; 6.685 ; 6.685 ;
; a[6]       ; zero        ; 7.411 ; 7.242 ; 7.242 ; 7.411 ;
; a[7]       ; ovf         ; 6.158 ; 6.158 ; 6.158 ; 6.158 ;
; a[7]       ; r[0]        ;       ; 6.480 ; 6.480 ;       ;
; a[7]       ; r[7]        ; 6.558 ; 6.558 ; 6.558 ; 6.558 ;
; a[7]       ; zero        ; 7.296 ; 6.805 ; 6.805 ; 7.296 ;
; b[0]       ; ovf         ; 4.550 ; 4.550 ; 4.550 ; 4.550 ;
; b[0]       ; r[0]        ; 4.866 ; 4.831 ; 4.831 ; 4.866 ;
; b[0]       ; r[1]        ; 4.895 ; 4.895 ; 4.895 ; 4.895 ;
; b[0]       ; r[2]        ; 5.220 ; 5.220 ; 5.220 ; 5.220 ;
; b[0]       ; r[3]        ; 5.175 ; 5.175 ; 5.175 ; 5.175 ;
; b[0]       ; r[4]        ; 4.741 ; 4.741 ; 4.741 ; 4.741 ;
; b[0]       ; r[5]        ; 5.206 ; 5.206 ; 5.206 ; 5.206 ;
; b[0]       ; r[6]        ; 5.236 ; 5.236 ; 5.236 ; 5.236 ;
; b[0]       ; r[7]        ; 4.985 ; 4.985 ; 4.985 ; 4.985 ;
; b[0]       ; zero        ; 5.748 ; 5.748 ; 5.748 ; 5.748 ;
; b[1]       ; ovf         ; 6.497 ; 6.497 ; 6.497 ; 6.497 ;
; b[1]       ; r[0]        ; 6.772 ;       ;       ; 6.772 ;
; b[1]       ; r[1]        ; 6.691 ; 6.691 ; 6.691 ; 6.691 ;
; b[1]       ; r[2]        ; 7.188 ; 7.188 ; 7.188 ; 7.188 ;
; b[1]       ; r[3]        ; 7.143 ; 7.143 ; 7.143 ; 7.143 ;
; b[1]       ; r[4]        ; 6.709 ; 6.709 ; 6.709 ; 6.709 ;
; b[1]       ; r[5]        ; 7.174 ; 7.174 ; 7.174 ; 7.174 ;
; b[1]       ; r[6]        ; 7.204 ; 7.204 ; 7.204 ; 7.204 ;
; b[1]       ; r[7]        ; 6.953 ; 6.953 ; 6.953 ; 6.953 ;
; b[1]       ; zero        ; 7.716 ; 7.716 ; 7.716 ; 7.716 ;
; b[2]       ; ovf         ; 6.450 ; 6.450 ; 6.450 ; 6.450 ;
; b[2]       ; r[0]        ; 6.769 ;       ;       ; 6.769 ;
; b[2]       ; r[2]        ; 6.968 ; 6.968 ; 6.968 ; 6.968 ;
; b[2]       ; r[3]        ; 7.026 ; 7.026 ; 7.026 ; 7.026 ;
; b[2]       ; r[4]        ; 6.592 ; 6.592 ; 6.592 ; 6.592 ;
; b[2]       ; r[5]        ; 7.057 ; 7.057 ; 7.057 ; 7.057 ;
; b[2]       ; r[6]        ; 7.087 ; 7.087 ; 7.087 ; 7.087 ;
; b[2]       ; r[7]        ; 6.836 ; 6.836 ; 6.836 ; 6.836 ;
; b[2]       ; zero        ; 7.599 ; 7.599 ; 7.599 ; 7.599 ;
; b[3]       ; ovf         ; 6.389 ; 6.389 ; 6.389 ; 6.389 ;
; b[3]       ; r[0]        ; 6.716 ;       ;       ; 6.716 ;
; b[3]       ; r[3]        ; 6.859 ; 6.859 ; 6.859 ; 6.859 ;
; b[3]       ; r[4]        ; 6.528 ; 6.528 ; 6.528 ; 6.528 ;
; b[3]       ; r[5]        ; 6.993 ; 6.993 ; 6.993 ; 6.993 ;
; b[3]       ; r[6]        ; 7.023 ; 7.023 ; 7.023 ; 7.023 ;
; b[3]       ; r[7]        ; 6.772 ; 6.772 ; 6.772 ; 6.772 ;
; b[3]       ; zero        ; 7.535 ; 7.535 ; 7.535 ; 7.535 ;
; b[4]       ; ovf         ; 6.209 ; 6.209 ; 6.209 ; 6.209 ;
; b[4]       ; r[0]        ; 6.530 ;       ;       ; 6.530 ;
; b[4]       ; r[4]        ; 6.256 ; 6.256 ; 6.256 ; 6.256 ;
; b[4]       ; r[5]        ; 6.824 ; 6.824 ; 6.824 ; 6.824 ;
; b[4]       ; r[6]        ; 6.854 ; 6.854 ; 6.854 ; 6.854 ;
; b[4]       ; r[7]        ; 6.603 ; 6.603 ; 6.603 ; 6.603 ;
; b[4]       ; zero        ; 7.366 ; 7.366 ; 7.366 ; 7.366 ;
; b[5]       ; ovf         ; 6.356 ; 6.356 ; 6.356 ; 6.356 ;
; b[5]       ; r[0]        ; 6.679 ;       ;       ; 6.679 ;
; b[5]       ; r[5]        ; 6.870 ; 6.870 ; 6.870 ; 6.870 ;
; b[5]       ; r[6]        ; 7.003 ; 7.003 ; 7.003 ; 7.003 ;
; b[5]       ; r[7]        ; 6.752 ; 6.752 ; 6.752 ; 6.752 ;
; b[5]       ; zero        ; 7.412 ; 7.495 ; 7.495 ; 7.412 ;
; b[6]       ; ovf         ; 6.151 ; 6.151 ; 6.151 ; 6.151 ;
; b[6]       ; r[0]        ; 6.474 ;       ;       ; 6.474 ;
; b[6]       ; r[6]        ; 6.711 ; 6.711 ; 6.711 ; 6.711 ;
; b[6]       ; r[7]        ; 6.565 ; 6.565 ; 6.565 ; 6.565 ;
; b[6]       ; zero        ; 7.120 ; 7.290 ; 7.290 ; 7.120 ;
; b[7]       ; ovf         ; 6.100 ; 6.100 ; 6.100 ; 6.100 ;
; b[7]       ; r[0]        ; 6.354 ;       ;       ; 6.354 ;
; b[7]       ; r[7]        ; 6.556 ; 6.556 ; 6.556 ; 6.556 ;
; b[7]       ; zero        ; 6.803 ; 7.170 ; 7.170 ; 6.803 ;
; op[0]      ; ovf         ; 5.787 ; 5.787 ; 5.787 ; 5.787 ;
; op[0]      ; r[0]        ; 6.097 ; 5.943 ; 5.943 ; 6.097 ;
; op[0]      ; r[1]        ; 5.683 ; 5.974 ; 5.974 ; 5.683 ;
; op[0]      ; r[2]        ; 5.899 ; 5.899 ; 5.899 ; 5.899 ;
; op[0]      ; r[3]        ; 5.745 ; 5.745 ; 5.745 ; 5.745 ;
; op[0]      ; r[4]        ; 5.767 ; 6.129 ; 6.129 ; 5.767 ;
; op[0]      ; r[5]        ; 5.577 ; 6.223 ; 6.223 ; 5.577 ;
; op[0]      ; r[6]        ; 5.633 ; 6.695 ; 6.695 ; 5.633 ;
; op[0]      ; r[7]        ; 5.912 ; 5.996 ; 5.996 ; 5.912 ;
; op[0]      ; zero        ; 7.104 ; 6.913 ; 6.913 ; 7.104 ;
; op[1]      ; ovf         ; 6.012 ; 6.012 ; 6.012 ; 6.012 ;
; op[1]      ; r[0]        ; 6.199 ; 6.749 ; 6.749 ; 6.199 ;
; op[1]      ; r[1]        ; 6.157 ; 6.157 ; 6.157 ; 6.157 ;
; op[1]      ; r[2]        ; 6.390 ; 6.390 ; 6.390 ; 6.390 ;
; op[1]      ; r[3]        ; 6.223 ; 6.223 ; 6.223 ; 6.223 ;
; op[1]      ; r[4]        ; 6.390 ; 6.390 ; 6.390 ; 6.390 ;
; op[1]      ; r[5]        ; 6.732 ; 6.732 ; 6.732 ; 6.732 ;
; op[1]      ; r[6]        ; 6.755 ; 6.755 ; 6.755 ; 6.755 ;
; op[1]      ; r[7]        ; 6.534 ; 6.534 ; 6.534 ; 6.534 ;
; op[1]      ; zero        ; 7.565 ; 7.295 ; 7.295 ; 7.565 ;
; op[2]      ; ovf         ; 5.931 ; 5.931 ; 5.931 ; 5.931 ;
; op[2]      ; r[0]        ; 6.118 ; 6.701 ; 6.701 ; 6.118 ;
; op[2]      ; r[1]        ; 6.110 ; 6.110 ; 6.110 ; 6.110 ;
; op[2]      ; r[2]        ; 6.207 ; 6.207 ; 6.207 ; 6.207 ;
; op[2]      ; r[3]        ; 6.040 ; 6.040 ; 6.040 ; 6.040 ;
; op[2]      ; r[4]        ; 6.198 ; 6.198 ; 6.198 ; 6.198 ;
; op[2]      ; r[5]        ; 6.539 ; 6.539 ; 6.539 ; 6.539 ;
; op[2]      ; r[6]        ; 6.562 ; 6.562 ; 6.562 ; 6.562 ;
; op[2]      ; r[7]        ; 6.342 ; 6.342 ; 6.342 ; 6.342 ;
; op[2]      ; zero        ; 7.517 ; 7.103 ; 7.103 ; 7.517 ;
; op[3]      ; ovf         ; 5.898 ; 5.898 ; 5.898 ; 5.898 ;
; op[3]      ; r[0]        ; 5.659 ; 5.797 ; 5.797 ; 5.659 ;
; op[3]      ; r[1]        ; 5.944 ; 5.703 ; 5.703 ; 5.944 ;
; op[3]      ; r[2]        ; 5.827 ; 5.664 ; 5.664 ; 5.827 ;
; op[3]      ; r[3]        ; 5.680 ; 5.516 ; 5.516 ; 5.680 ;
; op[3]      ; r[4]        ; 6.447 ; 6.447 ; 6.447 ; 6.447 ;
; op[3]      ; r[5]        ; 6.782 ; 6.782 ; 6.782 ; 6.782 ;
; op[3]      ; r[6]        ; 6.805 ; 6.805 ; 6.805 ; 6.805 ;
; op[3]      ; r[7]        ; 6.591 ; 6.591 ; 6.591 ; 6.591 ;
; op[3]      ; zero        ; 7.352 ; 7.352 ; 7.352 ; 7.352 ;
; op[4]      ; ovf         ; 6.025 ; 6.025 ; 6.025 ; 6.025 ;
; op[4]      ; r[0]        ;       ; 5.941 ; 5.941 ;       ;
; op[4]      ; r[1]        ;       ; 6.226 ; 6.226 ;       ;
; op[4]      ; r[2]        ;       ; 6.109 ; 6.109 ;       ;
; op[4]      ; r[3]        ;       ; 5.962 ; 5.962 ;       ;
; op[4]      ; r[4]        ;       ; 6.381 ; 6.381 ;       ;
; op[4]      ; r[5]        ;       ; 6.475 ; 6.475 ;       ;
; op[4]      ; r[6]        ;       ; 6.947 ; 6.947 ;       ;
; op[4]      ; r[7]        ;       ; 6.248 ; 6.248 ;       ;
; op[4]      ; zero        ; 7.356 ;       ;       ; 7.356 ;
+------------+-------------+-------+-------+-------+-------+


+----------------------------------------------------------+
; Minimum Propagation Delay                                ;
+------------+-------------+-------+-------+-------+-------+
; Input Port ; Output Port ; RR    ; RF    ; FR    ; FF    ;
+------------+-------------+-------+-------+-------+-------+
; a[0]       ; ovf         ; 4.592 ; 4.592 ; 4.592 ; 4.592 ;
; a[0]       ; r[0]        ; 4.344 ; 3.472 ; 3.472 ; 4.344 ;
; a[0]       ; r[1]        ; 4.891 ; 4.891 ; 4.891 ; 4.891 ;
; a[0]       ; r[2]        ; 5.206 ; 5.206 ; 5.206 ; 5.206 ;
; a[0]       ; r[3]        ; 5.068 ; 5.068 ; 5.068 ; 5.068 ;
; a[0]       ; r[4]        ; 4.031 ; 4.031 ; 4.031 ; 4.031 ;
; a[0]       ; r[5]        ; 4.652 ; 4.652 ; 4.652 ; 4.652 ;
; a[0]       ; r[6]        ; 4.915 ; 4.915 ; 4.915 ; 4.915 ;
; a[0]       ; r[7]        ; 4.491 ; 4.491 ; 4.491 ; 4.491 ;
; a[0]       ; zero        ; 4.288 ; 4.738 ; 4.738 ; 4.288 ;
; a[1]       ; ovf         ; 6.434 ; 6.434 ; 6.434 ; 6.434 ;
; a[1]       ; r[0]        ;       ; 6.809 ; 6.809 ;       ;
; a[1]       ; r[1]        ; 5.421 ; 5.467 ; 5.467 ; 5.421 ;
; a[1]       ; r[2]        ; 7.096 ; 7.096 ; 7.096 ; 7.096 ;
; a[1]       ; r[3]        ; 6.958 ; 6.958 ; 6.958 ; 6.958 ;
; a[1]       ; r[4]        ; 6.367 ; 6.367 ; 6.367 ; 6.367 ;
; a[1]       ; r[5]        ; 6.134 ; 6.134 ; 6.134 ; 6.134 ;
; a[1]       ; r[6]        ; 6.805 ; 6.805 ; 6.805 ; 6.805 ;
; a[1]       ; r[7]        ; 6.381 ; 6.381 ; 6.381 ; 6.381 ;
; a[1]       ; zero        ; 5.912 ; 5.866 ; 5.866 ; 5.912 ;
; a[2]       ; ovf         ; 6.427 ; 6.427 ; 6.427 ; 6.427 ;
; a[2]       ; r[0]        ;       ; 6.772 ; 6.772 ;       ;
; a[2]       ; r[2]        ; 5.501 ; 5.373 ; 5.373 ; 5.501 ;
; a[2]       ; r[3]        ; 6.923 ; 6.923 ; 6.923 ; 6.923 ;
; a[2]       ; r[4]        ; 6.332 ; 6.332 ; 6.332 ; 6.332 ;
; a[2]       ; r[5]        ; 6.507 ; 6.507 ; 6.507 ; 6.507 ;
; a[2]       ; r[6]        ; 6.186 ; 6.186 ; 6.186 ; 6.186 ;
; a[2]       ; r[7]        ; 6.346 ; 6.346 ; 6.346 ; 6.346 ;
; a[2]       ; zero        ; 5.841 ; 5.969 ; 5.969 ; 5.841 ;
; a[3]       ; ovf         ; 6.349 ; 6.349 ; 6.349 ; 6.349 ;
; a[3]       ; r[0]        ;       ; 6.711 ; 6.711 ;       ;
; a[3]       ; r[3]        ; 5.467 ; 5.263 ; 5.263 ; 5.467 ;
; a[3]       ; r[4]        ; 6.277 ; 6.277 ; 6.277 ; 6.277 ;
; a[3]       ; r[5]        ; 6.452 ; 6.452 ; 6.452 ; 6.452 ;
; a[3]       ; r[6]        ; 6.715 ; 6.715 ; 6.715 ; 6.715 ;
; a[3]       ; r[7]        ; 5.913 ; 5.913 ; 5.913 ; 5.913 ;
; a[3]       ; zero        ; 5.757 ; 5.961 ; 5.961 ; 5.757 ;
; a[4]       ; ovf         ; 6.319 ; 6.319 ; 6.319 ; 6.319 ;
; a[4]       ; r[0]        ;       ; 6.670 ; 6.670 ;       ;
; a[4]       ; r[4]        ; 5.324 ; 5.324 ; 5.324 ; 5.324 ;
; a[4]       ; r[5]        ; 6.409 ; 6.409 ; 6.409 ; 6.409 ;
; a[4]       ; r[6]        ; 6.672 ; 6.672 ; 6.672 ; 6.672 ;
; a[4]       ; r[7]        ; 6.248 ; 6.248 ; 6.248 ; 6.248 ;
; a[4]       ; zero        ; 6.229 ; 6.229 ; 6.229 ; 6.229 ;
; a[5]       ; ovf         ; 6.148 ; 6.148 ; 6.148 ; 6.148 ;
; a[5]       ; r[0]        ;       ; 6.528 ; 6.528 ;       ;
; a[5]       ; r[5]        ; 5.112 ; 5.700 ; 5.700 ; 5.112 ;
; a[5]       ; r[6]        ; 6.526 ; 6.526 ; 6.526 ; 6.526 ;
; a[5]       ; r[7]        ; 6.102 ; 6.102 ; 6.102 ; 6.102 ;
; a[5]       ; zero        ; 6.242 ; 5.881 ; 5.881 ; 6.242 ;
; a[6]       ; ovf         ; 6.229 ; 6.229 ; 6.229 ; 6.229 ;
; a[6]       ; r[0]        ;       ; 6.595 ; 6.595 ;       ;
; a[6]       ; r[6]        ; 5.324 ; 5.616 ; 5.616 ; 5.324 ;
; a[6]       ; r[7]        ; 6.171 ; 6.171 ; 6.171 ; 6.171 ;
; a[6]       ; zero        ; 6.025 ; 5.733 ; 5.733 ; 6.025 ;
; a[7]       ; ovf         ; 5.274 ; 5.274 ; 5.274 ; 5.274 ;
; a[7]       ; r[0]        ;       ; 6.480 ; 6.480 ;       ;
; a[7]       ; r[7]        ; 5.548 ; 5.548 ; 5.548 ; 5.548 ;
; a[7]       ; zero        ; 5.795 ; 5.795 ; 5.795 ; 5.795 ;
; b[0]       ; ovf         ; 4.529 ; 4.529 ; 4.529 ; 4.529 ;
; b[0]       ; r[0]        ; 4.370 ; 3.745 ; 3.745 ; 4.370 ;
; b[0]       ; r[1]        ; 4.806 ; 4.806 ; 4.806 ; 4.806 ;
; b[0]       ; r[2]        ; 5.164 ; 5.164 ; 5.164 ; 5.164 ;
; b[0]       ; r[3]        ; 5.026 ; 5.026 ; 5.026 ; 5.026 ;
; b[0]       ; r[4]        ; 4.435 ; 4.435 ; 4.435 ; 4.435 ;
; b[0]       ; r[5]        ; 4.610 ; 4.610 ; 4.610 ; 4.610 ;
; b[0]       ; r[6]        ; 4.873 ; 4.873 ; 4.873 ; 4.873 ;
; b[0]       ; r[7]        ; 4.449 ; 4.449 ; 4.449 ; 4.449 ;
; b[0]       ; zero        ; 4.561 ; 4.696 ; 4.696 ; 4.561 ;
; b[1]       ; ovf         ; 6.449 ; 6.449 ; 6.449 ; 6.449 ;
; b[1]       ; r[0]        ; 6.772 ;       ;       ; 6.772 ;
; b[1]       ; r[1]        ; 5.500 ; 5.546 ; 5.546 ; 5.500 ;
; b[1]       ; r[2]        ; 7.063 ; 7.063 ; 7.063 ; 7.063 ;
; b[1]       ; r[3]        ; 6.925 ; 6.925 ; 6.925 ; 6.925 ;
; b[1]       ; r[4]        ; 6.334 ; 6.334 ; 6.334 ; 6.334 ;
; b[1]       ; r[5]        ; 6.509 ; 6.509 ; 6.509 ; 6.509 ;
; b[1]       ; r[6]        ; 6.772 ; 6.772 ; 6.772 ; 6.772 ;
; b[1]       ; r[7]        ; 6.348 ; 6.348 ; 6.348 ; 6.348 ;
; b[1]       ; zero        ; 5.991 ; 5.945 ; 5.945 ; 5.991 ;
; b[2]       ; ovf         ; 6.380 ; 6.380 ; 6.380 ; 6.380 ;
; b[2]       ; r[0]        ; 6.769 ;       ;       ; 6.769 ;
; b[2]       ; r[2]        ; 5.695 ; 5.593 ; 5.593 ; 5.695 ;
; b[2]       ; r[3]        ; 6.926 ; 6.926 ; 6.926 ; 6.926 ;
; b[2]       ; r[4]        ; 6.335 ; 6.335 ; 6.335 ; 6.335 ;
; b[2]       ; r[5]        ; 6.510 ; 6.510 ; 6.510 ; 6.510 ;
; b[2]       ; r[6]        ; 6.773 ; 6.773 ; 6.773 ; 6.773 ;
; b[2]       ; r[7]        ; 6.349 ; 6.349 ; 6.349 ; 6.349 ;
; b[2]       ; zero        ; 6.061 ; 6.163 ; 6.163 ; 6.061 ;
; b[3]       ; ovf         ; 6.316 ; 6.316 ; 6.316 ; 6.316 ;
; b[3]       ; r[0]        ; 6.716 ;       ;       ; 6.716 ;
; b[3]       ; r[3]        ; 5.317 ; 5.188 ; 5.188 ; 5.317 ;
; b[3]       ; r[4]        ; 6.274 ; 6.274 ; 6.274 ; 6.274 ;
; b[3]       ; r[5]        ; 6.449 ; 6.449 ; 6.449 ; 6.449 ;
; b[3]       ; r[6]        ; 6.712 ; 6.712 ; 6.712 ; 6.712 ;
; b[3]       ; r[7]        ; 6.288 ; 6.288 ; 6.288 ; 6.288 ;
; b[3]       ; zero        ; 5.682 ; 5.811 ; 5.811 ; 5.682 ;
; b[4]       ; ovf         ; 6.147 ; 6.147 ; 6.147 ; 6.147 ;
; b[4]       ; r[0]        ; 6.530 ;       ;       ; 6.530 ;
; b[4]       ; r[4]        ; 5.408 ; 5.408 ; 5.408 ; 5.408 ;
; b[4]       ; r[5]        ; 6.269 ; 6.269 ; 6.269 ; 6.269 ;
; b[4]       ; r[6]        ; 6.532 ; 6.532 ; 6.532 ; 6.532 ;
; b[4]       ; r[7]        ; 6.108 ; 6.108 ; 6.108 ; 6.108 ;
; b[4]       ; zero        ; 6.313 ; 6.313 ; 6.313 ; 6.313 ;
; b[5]       ; ovf         ; 6.296 ; 6.296 ; 6.296 ; 6.296 ;
; b[5]       ; r[0]        ; 6.679 ;       ;       ; 6.679 ;
; b[5]       ; r[5]        ; 5.405 ; 5.997 ; 5.997 ; 5.405 ;
; b[5]       ; r[6]        ; 6.679 ; 6.679 ; 6.679 ; 6.679 ;
; b[5]       ; r[7]        ; 6.255 ; 6.255 ; 6.255 ; 6.255 ;
; b[5]       ; zero        ; 6.502 ; 6.171 ; 6.171 ; 6.502 ;
; b[6]       ; ovf         ; 6.109 ; 6.109 ; 6.109 ; 6.109 ;
; b[6]       ; r[0]        ; 6.474 ;       ;       ; 6.474 ;
; b[6]       ; r[6]        ; 5.178 ; 5.766 ; 5.766 ; 5.178 ;
; b[6]       ; r[7]        ; 6.050 ; 6.050 ; 6.050 ; 6.050 ;
; b[6]       ; zero        ; 6.175 ; 5.587 ; 5.587 ; 6.175 ;
; b[7]       ; ovf         ; 5.357 ; 5.357 ; 5.357 ; 5.357 ;
; b[7]       ; r[0]        ; 6.354 ;       ;       ; 6.354 ;
; b[7]       ; r[7]        ; 5.551 ; 5.551 ; 5.551 ; 5.551 ;
; b[7]       ; zero        ; 5.798 ; 5.798 ; 5.798 ; 5.798 ;
; op[0]      ; ovf         ; 5.787 ; 5.787 ; 5.787 ; 5.787 ;
; op[0]      ; r[0]        ; 5.974 ; 5.689 ; 5.689 ; 5.974 ;
; op[0]      ; r[1]        ; 5.683 ; 5.683 ; 5.683 ; 5.683 ;
; op[0]      ; r[2]        ; 5.899 ; 5.857 ; 5.857 ; 5.899 ;
; op[0]      ; r[3]        ; 5.745 ; 5.710 ; 5.710 ; 5.745 ;
; op[0]      ; r[4]        ; 5.767 ; 5.881 ; 5.881 ; 5.767 ;
; op[0]      ; r[5]        ; 5.577 ; 6.111 ; 6.111 ; 5.577 ;
; op[0]      ; r[6]        ; 5.633 ; 6.213 ; 6.213 ; 5.633 ;
; op[0]      ; r[7]        ; 5.912 ; 5.673 ; 5.673 ; 5.912 ;
; op[0]      ; zero        ; 5.920 ; 6.042 ; 6.042 ; 5.920 ;
; op[1]      ; ovf         ; 6.012 ; 6.012 ; 6.012 ; 6.012 ;
; op[1]      ; r[0]        ; 5.962 ; 5.598 ; 5.598 ; 5.962 ;
; op[1]      ; r[1]        ; 6.028 ; 5.883 ; 5.883 ; 6.028 ;
; op[1]      ; r[2]        ; 6.037 ; 5.766 ; 5.766 ; 6.037 ;
; op[1]      ; r[3]        ; 5.894 ; 5.619 ; 5.619 ; 5.894 ;
; op[1]      ; r[4]        ; 5.790 ; 5.969 ; 5.969 ; 5.790 ;
; op[1]      ; r[5]        ; 6.132 ; 5.779 ; 5.779 ; 6.132 ;
; op[1]      ; r[6]        ; 6.122 ; 5.835 ; 5.835 ; 6.122 ;
; op[1]      ; r[7]        ; 5.582 ; 5.905 ; 5.905 ; 5.582 ;
; op[1]      ; zero        ; 6.113 ; 5.829 ; 5.829 ; 6.113 ;
; op[2]      ; ovf         ; 5.931 ; 5.931 ; 5.931 ; 5.931 ;
; op[2]      ; r[0]        ; 5.410 ; 5.881 ; 5.881 ; 5.410 ;
; op[2]      ; r[1]        ; 5.695 ; 5.980 ; 5.980 ; 5.695 ;
; op[2]      ; r[2]        ; 5.578 ; 5.989 ; 5.989 ; 5.578 ;
; op[2]      ; r[3]        ; 5.431 ; 5.846 ; 5.846 ; 5.431 ;
; op[2]      ; r[4]        ; 5.850 ; 5.603 ; 5.603 ; 5.850 ;
; op[2]      ; r[5]        ; 5.832 ; 5.894 ; 5.894 ; 5.832 ;
; op[2]      ; r[6]        ; 6.189 ; 5.935 ; 5.935 ; 6.189 ;
; op[2]      ; r[7]        ; 5.560 ; 5.395 ; 5.395 ; 5.560 ;
; op[2]      ; zero        ; 5.642 ; 5.807 ; 5.807 ; 5.642 ;
; op[3]      ; ovf         ; 5.898 ; 5.898 ; 5.898 ; 5.898 ;
; op[3]      ; r[0]        ; 5.659 ; 5.797 ; 5.797 ; 5.659 ;
; op[3]      ; r[1]        ; 5.944 ; 5.703 ; 5.703 ; 5.944 ;
; op[3]      ; r[2]        ; 5.827 ; 5.664 ; 5.664 ; 5.827 ;
; op[3]      ; r[3]        ; 5.680 ; 5.516 ; 5.516 ; 5.680 ;
; op[3]      ; r[4]        ; 6.099 ; 5.844 ; 5.844 ; 6.099 ;
; op[3]      ; r[5]        ; 6.081 ; 6.136 ; 6.136 ; 6.081 ;
; op[3]      ; r[6]        ; 6.438 ; 6.176 ; 6.176 ; 6.438 ;
; op[3]      ; r[7]        ; 5.802 ; 5.636 ; 5.636 ; 5.802 ;
; op[3]      ; zero        ; 5.883 ; 6.049 ; 6.049 ; 5.883 ;
; op[4]      ; ovf         ; 6.025 ; 6.025 ; 6.025 ; 6.025 ;
; op[4]      ; r[0]        ;       ; 5.924 ; 5.924 ;       ;
; op[4]      ; r[1]        ;       ; 5.830 ; 5.830 ;       ;
; op[4]      ; r[2]        ;       ; 5.791 ; 5.791 ;       ;
; op[4]      ; r[3]        ;       ; 5.643 ; 5.643 ;       ;
; op[4]      ; r[4]        ;       ; 5.977 ; 5.977 ;       ;
; op[4]      ; r[5]        ;       ; 5.787 ; 5.787 ;       ;
; op[4]      ; r[6]        ;       ; 5.843 ; 5.843 ;       ;
; op[4]      ; r[7]        ;       ; 5.925 ; 5.925 ;       ;
; op[4]      ; zero        ; 6.137 ;       ;       ; 6.137 ;
+------------+-------------+-------+-------+-------+-------+


+----------------------------------------------------------------------------+
; Multicorner Timing Analysis Summary                                        ;
+------------------+-------+------+----------+---------+---------------------+
; Clock            ; Setup ; Hold ; Recovery ; Removal ; Minimum Pulse Width ;
+------------------+-------+------+----------+---------+---------------------+
; Worst-case Slack ; N/A   ; N/A  ; N/A      ; N/A     ; N/A                 ;
; Design-wide TNS  ; 0.0   ; 0.0  ; 0.0      ; 0.0     ; 0.0                 ;
+------------------+-------+------+----------+---------+---------------------+


+--------------------------------------------------------------+
; Progagation Delay                                            ;
+------------+-------------+--------+--------+--------+--------+
; Input Port ; Output Port ; RR     ; RF     ; FR     ; FF     ;
+------------+-------------+--------+--------+--------+--------+
; a[0]       ; ovf         ; 9.334  ; 9.334  ; 9.334  ; 9.334  ;
; a[0]       ; r[0]        ; 10.054 ; 10.063 ; 10.063 ; 10.054 ;
; a[0]       ; r[1]        ; 10.119 ; 10.119 ; 10.119 ; 10.119 ;
; a[0]       ; r[2]        ; 10.975 ; 10.975 ; 10.975 ; 10.975 ;
; a[0]       ; r[3]        ; 10.904 ; 10.904 ; 10.904 ; 10.904 ;
; a[0]       ; r[4]        ; 9.869  ; 9.869  ; 9.869  ; 9.869  ;
; a[0]       ; r[5]        ; 10.935 ; 10.935 ; 10.935 ; 10.935 ;
; a[0]       ; r[6]        ; 10.971 ; 10.971 ; 10.971 ; 10.971 ;
; a[0]       ; r[7]        ; 10.432 ; 10.432 ; 10.432 ; 10.432 ;
; a[0]       ; zero        ; 12.115 ; 12.115 ; 12.115 ; 12.115 ;
; a[1]       ; ovf         ; 12.286 ; 12.286 ; 12.286 ; 12.286 ;
; a[1]       ; r[0]        ;        ; 13.035 ; 13.035 ;        ;
; a[1]       ; r[1]        ; 12.770 ; 12.770 ; 12.770 ; 12.770 ;
; a[1]       ; r[2]        ; 13.803 ; 13.803 ; 13.803 ; 13.803 ;
; a[1]       ; r[3]        ; 13.732 ; 13.732 ; 13.732 ; 13.732 ;
; a[1]       ; r[4]        ; 12.697 ; 12.697 ; 12.697 ; 12.697 ;
; a[1]       ; r[5]        ; 13.763 ; 13.763 ; 13.763 ; 13.763 ;
; a[1]       ; r[6]        ; 13.799 ; 13.799 ; 13.799 ; 13.799 ;
; a[1]       ; r[7]        ; 13.260 ; 13.260 ; 13.260 ; 13.260 ;
; a[1]       ; zero        ; 14.943 ; 14.943 ; 14.943 ; 14.943 ;
; a[2]       ; ovf         ; 12.176 ; 12.176 ; 12.176 ; 12.176 ;
; a[2]       ; r[0]        ;        ; 12.923 ; 12.923 ;        ;
; a[2]       ; r[2]        ; 13.444 ; 13.444 ; 13.444 ; 13.444 ;
; a[2]       ; r[3]        ; 13.688 ; 13.688 ; 13.688 ; 13.688 ;
; a[2]       ; r[4]        ; 12.653 ; 12.653 ; 12.653 ; 12.653 ;
; a[2]       ; r[5]        ; 13.719 ; 13.719 ; 13.719 ; 13.719 ;
; a[2]       ; r[6]        ; 13.755 ; 13.755 ; 13.755 ; 13.755 ;
; a[2]       ; r[7]        ; 13.216 ; 13.216 ; 13.216 ; 13.216 ;
; a[2]       ; zero        ; 14.899 ; 14.899 ; 14.899 ; 14.899 ;
; a[3]       ; ovf         ; 12.092 ; 12.092 ; 12.092 ; 12.092 ;
; a[3]       ; r[0]        ;        ; 12.832 ; 12.832 ;        ;
; a[3]       ; r[3]        ; 13.250 ; 13.250 ; 13.250 ; 13.250 ;
; a[3]       ; r[4]        ; 12.532 ; 12.532 ; 12.532 ; 12.532 ;
; a[3]       ; r[5]        ; 13.598 ; 13.598 ; 13.598 ; 13.598 ;
; a[3]       ; r[6]        ; 13.634 ; 13.634 ; 13.634 ; 13.634 ;
; a[3]       ; r[7]        ; 13.095 ; 13.095 ; 13.095 ; 13.095 ;
; a[3]       ; zero        ; 14.778 ; 14.778 ; 14.778 ; 14.778 ;
; a[4]       ; ovf         ; 12.012 ; 12.012 ; 12.012 ; 12.012 ;
; a[4]       ; r[0]        ;        ; 12.755 ; 12.755 ;        ;
; a[4]       ; r[4]        ; 12.159 ; 12.159 ; 12.159 ; 12.159 ;
; a[4]       ; r[5]        ; 13.540 ; 13.540 ; 13.540 ; 13.540 ;
; a[4]       ; r[6]        ; 13.576 ; 13.576 ; 13.576 ; 13.576 ;
; a[4]       ; r[7]        ; 13.037 ; 13.037 ; 13.037 ; 13.037 ;
; a[4]       ; zero        ; 14.720 ; 14.720 ; 14.720 ; 14.720 ;
; a[5]       ; ovf         ; 11.703 ; 11.703 ; 11.703 ; 11.703 ;
; a[5]       ; r[0]        ;        ; 12.450 ; 12.450 ;        ;
; a[5]       ; r[5]        ; 12.860 ; 12.860 ; 12.860 ; 12.860 ;
; a[5]       ; r[6]        ; 13.213 ; 13.213 ; 13.213 ; 13.213 ;
; a[5]       ; r[7]        ; 12.674 ; 12.674 ; 12.674 ; 12.674 ;
; a[5]       ; zero        ; 14.334 ; 14.158 ; 14.158 ; 14.334 ;
; a[6]       ; ovf         ; 11.860 ; 11.860 ; 11.860 ; 11.860 ;
; a[6]       ; r[0]        ;        ; 12.606 ; 12.606 ;        ;
; a[6]       ; r[6]        ; 13.071 ; 13.071 ; 13.071 ; 13.071 ;
; a[6]       ; r[7]        ; 12.844 ; 12.844 ; 12.844 ; 12.844 ;
; a[6]       ; zero        ; 14.490 ; 14.016 ; 14.016 ; 14.490 ;
; a[7]       ; ovf         ; 11.532 ; 11.532 ; 11.532 ; 11.532 ;
; a[7]       ; r[0]        ;        ; 12.253 ; 12.253 ;        ;
; a[7]       ; r[7]        ; 12.496 ; 12.496 ; 12.496 ; 12.496 ;
; a[7]       ; zero        ; 14.137 ; 13.069 ; 13.069 ; 14.137 ;
; b[0]       ; ovf         ; 9.322  ; 9.322  ; 9.322  ; 9.322  ;
; b[0]       ; r[0]        ; 10.061 ; 9.954  ; 9.954  ; 10.061 ;
; b[0]       ; r[1]        ; 10.121 ; 10.121 ; 10.121 ; 10.121 ;
; b[0]       ; r[2]        ; 10.874 ; 10.874 ; 10.874 ; 10.874 ;
; b[0]       ; r[3]        ; 10.803 ; 10.803 ; 10.803 ; 10.803 ;
; b[0]       ; r[4]        ; 9.768  ; 9.768  ; 9.768  ; 9.768  ;
; b[0]       ; r[5]        ; 10.834 ; 10.834 ; 10.834 ; 10.834 ;
; b[0]       ; r[6]        ; 10.870 ; 10.870 ; 10.870 ; 10.870 ;
; b[0]       ; r[7]        ; 10.331 ; 10.331 ; 10.331 ; 10.331 ;
; b[0]       ; zero        ; 12.014 ; 12.014 ; 12.014 ; 12.014 ;
; b[1]       ; ovf         ; 12.320 ; 12.320 ; 12.320 ; 12.320 ;
; b[1]       ; r[0]        ; 12.945 ;        ;        ; 12.945 ;
; b[1]       ; r[1]        ; 12.683 ; 12.683 ; 12.683 ; 12.683 ;
; b[1]       ; r[2]        ; 13.961 ; 13.961 ; 13.961 ; 13.961 ;
; b[1]       ; r[3]        ; 13.890 ; 13.890 ; 13.890 ; 13.890 ;
; b[1]       ; r[4]        ; 12.855 ; 12.855 ; 12.855 ; 12.855 ;
; b[1]       ; r[5]        ; 13.921 ; 13.921 ; 13.921 ; 13.921 ;
; b[1]       ; r[6]        ; 13.957 ; 13.957 ; 13.957 ; 13.957 ;
; b[1]       ; r[7]        ; 13.418 ; 13.418 ; 13.418 ; 13.418 ;
; b[1]       ; zero        ; 15.101 ; 15.101 ; 15.101 ; 15.101 ;
; b[2]       ; ovf         ; 12.202 ; 12.202 ; 12.202 ; 12.202 ;
; b[2]       ; r[0]        ; 12.943 ;        ;        ; 12.943 ;
; b[2]       ; r[2]        ; 13.366 ; 13.366 ; 13.366 ; 13.366 ;
; b[2]       ; r[3]        ; 13.607 ; 13.607 ; 13.607 ; 13.607 ;
; b[2]       ; r[4]        ; 12.572 ; 12.572 ; 12.572 ; 12.572 ;
; b[2]       ; r[5]        ; 13.638 ; 13.638 ; 13.638 ; 13.638 ;
; b[2]       ; r[6]        ; 13.674 ; 13.674 ; 13.674 ; 13.674 ;
; b[2]       ; r[7]        ; 13.135 ; 13.135 ; 13.135 ; 13.135 ;
; b[2]       ; zero        ; 14.818 ; 14.827 ; 14.827 ; 14.818 ;
; b[3]       ; ovf         ; 12.115 ; 12.115 ; 12.115 ; 12.115 ;
; b[3]       ; r[0]        ; 12.864 ;        ;        ; 12.864 ;
; b[3]       ; r[3]        ; 13.195 ; 13.195 ; 13.195 ; 13.195 ;
; b[3]       ; r[4]        ; 12.472 ; 12.472 ; 12.472 ; 12.472 ;
; b[3]       ; r[5]        ; 13.538 ; 13.538 ; 13.538 ; 13.538 ;
; b[3]       ; r[6]        ; 13.574 ; 13.574 ; 13.574 ; 13.574 ;
; b[3]       ; r[7]        ; 13.035 ; 13.035 ; 13.035 ; 13.035 ;
; b[3]       ; zero        ; 14.718 ; 14.748 ; 14.748 ; 14.718 ;
; b[4]       ; ovf         ; 11.733 ; 11.733 ; 11.733 ; 11.733 ;
; b[4]       ; r[0]        ; 12.474 ;        ;        ; 12.474 ;
; b[4]       ; r[4]        ; 11.805 ; 11.805 ; 11.805 ; 11.805 ;
; b[4]       ; r[5]        ; 13.183 ; 13.183 ; 13.183 ; 13.183 ;
; b[4]       ; r[6]        ; 13.219 ; 13.219 ; 13.219 ; 13.219 ;
; b[4]       ; r[7]        ; 12.680 ; 12.680 ; 12.680 ; 12.680 ;
; b[4]       ; zero        ; 14.363 ; 14.363 ; 14.363 ; 14.363 ;
; b[5]       ; ovf         ; 11.996 ; 11.996 ; 11.996 ; 11.996 ;
; b[5]       ; r[0]        ; 12.740 ;        ;        ; 12.740 ;
; b[5]       ; r[5]        ; 13.147 ; 13.147 ; 13.147 ; 13.147 ;
; b[5]       ; r[6]        ; 13.495 ; 13.495 ; 13.495 ; 13.495 ;
; b[5]       ; r[7]        ; 12.956 ; 12.956 ; 12.956 ; 12.956 ;
; b[5]       ; zero        ; 14.440 ; 14.624 ; 14.624 ; 14.440 ;
; b[6]       ; ovf         ; 11.602 ; 11.602 ; 11.602 ; 11.602 ;
; b[6]       ; r[0]        ; 12.347 ;        ;        ; 12.347 ;
; b[6]       ; r[6]        ; 12.814 ; 12.814 ; 12.814 ; 12.814 ;
; b[6]       ; r[7]        ; 12.592 ; 12.592 ; 12.592 ; 12.592 ;
; b[6]       ; zero        ; 13.759 ; 14.231 ; 14.231 ; 13.759 ;
; b[7]       ; ovf         ; 11.369 ; 11.369 ; 11.369 ; 11.369 ;
; b[7]       ; r[0]        ; 11.964 ;        ;        ; 11.964 ;
; b[7]       ; r[7]        ; 12.467 ; 12.467 ; 12.467 ; 12.467 ;
; b[7]       ; zero        ; 13.040 ; 13.848 ; 13.848 ; 13.040 ;
; op[0]      ; ovf         ; 10.671 ; 10.671 ; 10.671 ; 10.671 ;
; op[0]      ; r[0]        ; 11.379 ; 11.012 ; 11.012 ; 11.379 ;
; op[0]      ; r[1]        ; 10.362 ; 10.978 ; 10.978 ; 10.362 ;
; op[0]      ; r[2]        ; 10.917 ; 10.917 ; 10.917 ; 10.917 ;
; op[0]      ; r[3]        ; 10.601 ; 10.601 ; 10.601 ; 10.601 ;
; op[0]      ; r[4]        ; 10.564 ; 11.373 ; 11.373 ; 10.564 ;
; op[0]      ; r[5]        ; 10.162 ; 11.653 ; 11.653 ; 10.162 ;
; op[0]      ; r[6]        ; 10.230 ; 12.710 ; 12.710 ; 10.230 ;
; op[0]      ; r[7]        ; 10.944 ; 11.153 ; 11.153 ; 10.944 ;
; op[0]      ; zero        ; 13.655 ; 13.263 ; 13.263 ; 13.655 ;
; op[1]      ; ovf         ; 11.088 ; 11.088 ; 11.088 ; 11.088 ;
; op[1]      ; r[0]        ; 11.514 ; 12.861 ; 12.861 ; 11.514 ;
; op[1]      ; r[1]        ; 11.430 ; 11.430 ; 11.430 ; 11.430 ;
; op[1]      ; r[2]        ; 12.018 ; 12.018 ; 12.018 ; 12.018 ;
; op[1]      ; r[3]        ; 11.673 ; 11.673 ; 11.673 ; 11.673 ;
; op[1]      ; r[4]        ; 11.949 ; 11.949 ; 11.949 ; 11.949 ;
; op[1]      ; r[5]        ; 12.828 ; 12.828 ; 12.828 ; 12.828 ;
; op[1]      ; r[6]        ; 12.821 ; 12.821 ; 12.821 ; 12.821 ;
; op[1]      ; r[7]        ; 12.344 ; 12.344 ; 12.344 ; 12.344 ;
; op[1]      ; zero        ; 14.745 ; 14.027 ; 14.027 ; 14.745 ;
; op[2]      ; ovf         ; 10.953 ; 10.953 ; 10.953 ; 10.953 ;
; op[2]      ; r[0]        ; 11.413 ; 12.746 ; 12.746 ; 11.413 ;
; op[2]      ; r[1]        ; 11.331 ; 11.331 ; 11.331 ; 11.331 ;
; op[2]      ; r[2]        ; 11.632 ; 11.632 ; 11.632 ; 11.632 ;
; op[2]      ; r[3]        ; 11.286 ; 11.286 ; 11.286 ; 11.286 ;
; op[2]      ; r[4]        ; 11.540 ; 11.540 ; 11.540 ; 11.540 ;
; op[2]      ; r[5]        ; 12.418 ; 12.418 ; 12.418 ; 12.418 ;
; op[2]      ; r[6]        ; 12.411 ; 12.411 ; 12.411 ; 12.411 ;
; op[2]      ; r[7]        ; 11.935 ; 11.935 ; 11.935 ; 11.935 ;
; op[2]      ; zero        ; 14.630 ; 13.618 ; 13.618 ; 14.630 ;
; op[3]      ; ovf         ; 10.927 ; 10.927 ; 10.927 ; 10.927 ;
; op[3]      ; r[0]        ; 10.318 ; 10.697 ; 10.697 ; 10.318 ;
; op[3]      ; r[1]        ; 10.899 ; 10.377 ; 10.377 ; 10.899 ;
; op[3]      ; r[2]        ; 10.669 ; 10.328 ; 10.328 ; 10.669 ;
; op[3]      ; r[3]        ; 10.378 ; 10.036 ; 10.036 ; 10.378 ;
; op[3]      ; r[4]        ; 12.121 ; 12.121 ; 12.121 ; 12.121 ;
; op[3]      ; r[5]        ; 13.000 ; 13.000 ; 13.000 ; 13.000 ;
; op[3]      ; r[6]        ; 12.993 ; 12.993 ; 12.993 ; 12.993 ;
; op[3]      ; r[7]        ; 12.516 ; 12.516 ; 12.516 ; 12.516 ;
; op[3]      ; zero        ; 14.199 ; 14.199 ; 14.199 ; 14.199 ;
; op[4]      ; ovf         ; 11.157 ; 11.157 ; 11.157 ; 11.157 ;
; op[4]      ; r[0]        ;        ; 10.926 ; 10.926 ;        ;
; op[4]      ; r[1]        ;        ; 11.497 ; 11.497 ;        ;
; op[4]      ; r[2]        ;        ; 11.267 ; 11.267 ;        ;
; op[4]      ; r[3]        ;        ; 10.976 ; 10.976 ;        ;
; op[4]      ; r[4]        ;        ; 11.892 ; 11.892 ;        ;
; op[4]      ; r[5]        ;        ; 12.172 ; 12.172 ;        ;
; op[4]      ; r[6]        ;        ; 13.229 ; 13.229 ;        ;
; op[4]      ; r[7]        ;        ; 11.672 ; 11.672 ;        ;
; op[4]      ; zero        ; 14.174 ;        ;        ; 14.174 ;
+------------+-------------+--------+--------+--------+--------+


+----------------------------------------------------------+
; Minimum Progagation Delay                                ;
+------------+-------------+-------+-------+-------+-------+
; Input Port ; Output Port ; RR    ; RF    ; FR    ; FF    ;
+------------+-------------+-------+-------+-------+-------+
; a[0]       ; ovf         ; 4.592 ; 4.592 ; 4.592 ; 4.592 ;
; a[0]       ; r[0]        ; 4.344 ; 3.472 ; 3.472 ; 4.344 ;
; a[0]       ; r[1]        ; 4.891 ; 4.891 ; 4.891 ; 4.891 ;
; a[0]       ; r[2]        ; 5.206 ; 5.206 ; 5.206 ; 5.206 ;
; a[0]       ; r[3]        ; 5.068 ; 5.068 ; 5.068 ; 5.068 ;
; a[0]       ; r[4]        ; 4.031 ; 4.031 ; 4.031 ; 4.031 ;
; a[0]       ; r[5]        ; 4.652 ; 4.652 ; 4.652 ; 4.652 ;
; a[0]       ; r[6]        ; 4.915 ; 4.915 ; 4.915 ; 4.915 ;
; a[0]       ; r[7]        ; 4.491 ; 4.491 ; 4.491 ; 4.491 ;
; a[0]       ; zero        ; 4.288 ; 4.738 ; 4.738 ; 4.288 ;
; a[1]       ; ovf         ; 6.434 ; 6.434 ; 6.434 ; 6.434 ;
; a[1]       ; r[0]        ;       ; 6.809 ; 6.809 ;       ;
; a[1]       ; r[1]        ; 5.421 ; 5.467 ; 5.467 ; 5.421 ;
; a[1]       ; r[2]        ; 7.096 ; 7.096 ; 7.096 ; 7.096 ;
; a[1]       ; r[3]        ; 6.958 ; 6.958 ; 6.958 ; 6.958 ;
; a[1]       ; r[4]        ; 6.367 ; 6.367 ; 6.367 ; 6.367 ;
; a[1]       ; r[5]        ; 6.134 ; 6.134 ; 6.134 ; 6.134 ;
; a[1]       ; r[6]        ; 6.805 ; 6.805 ; 6.805 ; 6.805 ;
; a[1]       ; r[7]        ; 6.381 ; 6.381 ; 6.381 ; 6.381 ;
; a[1]       ; zero        ; 5.912 ; 5.866 ; 5.866 ; 5.912 ;
; a[2]       ; ovf         ; 6.427 ; 6.427 ; 6.427 ; 6.427 ;
; a[2]       ; r[0]        ;       ; 6.772 ; 6.772 ;       ;
; a[2]       ; r[2]        ; 5.501 ; 5.373 ; 5.373 ; 5.501 ;
; a[2]       ; r[3]        ; 6.923 ; 6.923 ; 6.923 ; 6.923 ;
; a[2]       ; r[4]        ; 6.332 ; 6.332 ; 6.332 ; 6.332 ;
; a[2]       ; r[5]        ; 6.507 ; 6.507 ; 6.507 ; 6.507 ;
; a[2]       ; r[6]        ; 6.186 ; 6.186 ; 6.186 ; 6.186 ;
; a[2]       ; r[7]        ; 6.346 ; 6.346 ; 6.346 ; 6.346 ;
; a[2]       ; zero        ; 5.841 ; 5.969 ; 5.969 ; 5.841 ;
; a[3]       ; ovf         ; 6.349 ; 6.349 ; 6.349 ; 6.349 ;
; a[3]       ; r[0]        ;       ; 6.711 ; 6.711 ;       ;
; a[3]       ; r[3]        ; 5.467 ; 5.263 ; 5.263 ; 5.467 ;
; a[3]       ; r[4]        ; 6.277 ; 6.277 ; 6.277 ; 6.277 ;
; a[3]       ; r[5]        ; 6.452 ; 6.452 ; 6.452 ; 6.452 ;
; a[3]       ; r[6]        ; 6.715 ; 6.715 ; 6.715 ; 6.715 ;
; a[3]       ; r[7]        ; 5.913 ; 5.913 ; 5.913 ; 5.913 ;
; a[3]       ; zero        ; 5.757 ; 5.961 ; 5.961 ; 5.757 ;
; a[4]       ; ovf         ; 6.319 ; 6.319 ; 6.319 ; 6.319 ;
; a[4]       ; r[0]        ;       ; 6.670 ; 6.670 ;       ;
; a[4]       ; r[4]        ; 5.324 ; 5.324 ; 5.324 ; 5.324 ;
; a[4]       ; r[5]        ; 6.409 ; 6.409 ; 6.409 ; 6.409 ;
; a[4]       ; r[6]        ; 6.672 ; 6.672 ; 6.672 ; 6.672 ;
; a[4]       ; r[7]        ; 6.248 ; 6.248 ; 6.248 ; 6.248 ;
; a[4]       ; zero        ; 6.229 ; 6.229 ; 6.229 ; 6.229 ;
; a[5]       ; ovf         ; 6.148 ; 6.148 ; 6.148 ; 6.148 ;
; a[5]       ; r[0]        ;       ; 6.528 ; 6.528 ;       ;
; a[5]       ; r[5]        ; 5.112 ; 5.700 ; 5.700 ; 5.112 ;
; a[5]       ; r[6]        ; 6.526 ; 6.526 ; 6.526 ; 6.526 ;
; a[5]       ; r[7]        ; 6.102 ; 6.102 ; 6.102 ; 6.102 ;
; a[5]       ; zero        ; 6.242 ; 5.881 ; 5.881 ; 6.242 ;
; a[6]       ; ovf         ; 6.229 ; 6.229 ; 6.229 ; 6.229 ;
; a[6]       ; r[0]        ;       ; 6.595 ; 6.595 ;       ;
; a[6]       ; r[6]        ; 5.324 ; 5.616 ; 5.616 ; 5.324 ;
; a[6]       ; r[7]        ; 6.171 ; 6.171 ; 6.171 ; 6.171 ;
; a[6]       ; zero        ; 6.025 ; 5.733 ; 5.733 ; 6.025 ;
; a[7]       ; ovf         ; 5.274 ; 5.274 ; 5.274 ; 5.274 ;
; a[7]       ; r[0]        ;       ; 6.480 ; 6.480 ;       ;
; a[7]       ; r[7]        ; 5.548 ; 5.548 ; 5.548 ; 5.548 ;
; a[7]       ; zero        ; 5.795 ; 5.795 ; 5.795 ; 5.795 ;
; b[0]       ; ovf         ; 4.529 ; 4.529 ; 4.529 ; 4.529 ;
; b[0]       ; r[0]        ; 4.370 ; 3.745 ; 3.745 ; 4.370 ;
; b[0]       ; r[1]        ; 4.806 ; 4.806 ; 4.806 ; 4.806 ;
; b[0]       ; r[2]        ; 5.164 ; 5.164 ; 5.164 ; 5.164 ;
; b[0]       ; r[3]        ; 5.026 ; 5.026 ; 5.026 ; 5.026 ;
; b[0]       ; r[4]        ; 4.435 ; 4.435 ; 4.435 ; 4.435 ;
; b[0]       ; r[5]        ; 4.610 ; 4.610 ; 4.610 ; 4.610 ;
; b[0]       ; r[6]        ; 4.873 ; 4.873 ; 4.873 ; 4.873 ;
; b[0]       ; r[7]        ; 4.449 ; 4.449 ; 4.449 ; 4.449 ;
; b[0]       ; zero        ; 4.561 ; 4.696 ; 4.696 ; 4.561 ;
; b[1]       ; ovf         ; 6.449 ; 6.449 ; 6.449 ; 6.449 ;
; b[1]       ; r[0]        ; 6.772 ;       ;       ; 6.772 ;
; b[1]       ; r[1]        ; 5.500 ; 5.546 ; 5.546 ; 5.500 ;
; b[1]       ; r[2]        ; 7.063 ; 7.063 ; 7.063 ; 7.063 ;
; b[1]       ; r[3]        ; 6.925 ; 6.925 ; 6.925 ; 6.925 ;
; b[1]       ; r[4]        ; 6.334 ; 6.334 ; 6.334 ; 6.334 ;
; b[1]       ; r[5]        ; 6.509 ; 6.509 ; 6.509 ; 6.509 ;
; b[1]       ; r[6]        ; 6.772 ; 6.772 ; 6.772 ; 6.772 ;
; b[1]       ; r[7]        ; 6.348 ; 6.348 ; 6.348 ; 6.348 ;
; b[1]       ; zero        ; 5.991 ; 5.945 ; 5.945 ; 5.991 ;
; b[2]       ; ovf         ; 6.380 ; 6.380 ; 6.380 ; 6.380 ;
; b[2]       ; r[0]        ; 6.769 ;       ;       ; 6.769 ;
; b[2]       ; r[2]        ; 5.695 ; 5.593 ; 5.593 ; 5.695 ;
; b[2]       ; r[3]        ; 6.926 ; 6.926 ; 6.926 ; 6.926 ;
; b[2]       ; r[4]        ; 6.335 ; 6.335 ; 6.335 ; 6.335 ;
; b[2]       ; r[5]        ; 6.510 ; 6.510 ; 6.510 ; 6.510 ;
; b[2]       ; r[6]        ; 6.773 ; 6.773 ; 6.773 ; 6.773 ;
; b[2]       ; r[7]        ; 6.349 ; 6.349 ; 6.349 ; 6.349 ;
; b[2]       ; zero        ; 6.061 ; 6.163 ; 6.163 ; 6.061 ;
; b[3]       ; ovf         ; 6.316 ; 6.316 ; 6.316 ; 6.316 ;
; b[3]       ; r[0]        ; 6.716 ;       ;       ; 6.716 ;
; b[3]       ; r[3]        ; 5.317 ; 5.188 ; 5.188 ; 5.317 ;
; b[3]       ; r[4]        ; 6.274 ; 6.274 ; 6.274 ; 6.274 ;
; b[3]       ; r[5]        ; 6.449 ; 6.449 ; 6.449 ; 6.449 ;
; b[3]       ; r[6]        ; 6.712 ; 6.712 ; 6.712 ; 6.712 ;
; b[3]       ; r[7]        ; 6.288 ; 6.288 ; 6.288 ; 6.288 ;
; b[3]       ; zero        ; 5.682 ; 5.811 ; 5.811 ; 5.682 ;
; b[4]       ; ovf         ; 6.147 ; 6.147 ; 6.147 ; 6.147 ;
; b[4]       ; r[0]        ; 6.530 ;       ;       ; 6.530 ;
; b[4]       ; r[4]        ; 5.408 ; 5.408 ; 5.408 ; 5.408 ;
; b[4]       ; r[5]        ; 6.269 ; 6.269 ; 6.269 ; 6.269 ;
; b[4]       ; r[6]        ; 6.532 ; 6.532 ; 6.532 ; 6.532 ;
; b[4]       ; r[7]        ; 6.108 ; 6.108 ; 6.108 ; 6.108 ;
; b[4]       ; zero        ; 6.313 ; 6.313 ; 6.313 ; 6.313 ;
; b[5]       ; ovf         ; 6.296 ; 6.296 ; 6.296 ; 6.296 ;
; b[5]       ; r[0]        ; 6.679 ;       ;       ; 6.679 ;
; b[5]       ; r[5]        ; 5.405 ; 5.997 ; 5.997 ; 5.405 ;
; b[5]       ; r[6]        ; 6.679 ; 6.679 ; 6.679 ; 6.679 ;
; b[5]       ; r[7]        ; 6.255 ; 6.255 ; 6.255 ; 6.255 ;
; b[5]       ; zero        ; 6.502 ; 6.171 ; 6.171 ; 6.502 ;
; b[6]       ; ovf         ; 6.109 ; 6.109 ; 6.109 ; 6.109 ;
; b[6]       ; r[0]        ; 6.474 ;       ;       ; 6.474 ;
; b[6]       ; r[6]        ; 5.178 ; 5.766 ; 5.766 ; 5.178 ;
; b[6]       ; r[7]        ; 6.050 ; 6.050 ; 6.050 ; 6.050 ;
; b[6]       ; zero        ; 6.175 ; 5.587 ; 5.587 ; 6.175 ;
; b[7]       ; ovf         ; 5.357 ; 5.357 ; 5.357 ; 5.357 ;
; b[7]       ; r[0]        ; 6.354 ;       ;       ; 6.354 ;
; b[7]       ; r[7]        ; 5.551 ; 5.551 ; 5.551 ; 5.551 ;
; b[7]       ; zero        ; 5.798 ; 5.798 ; 5.798 ; 5.798 ;
; op[0]      ; ovf         ; 5.787 ; 5.787 ; 5.787 ; 5.787 ;
; op[0]      ; r[0]        ; 5.974 ; 5.689 ; 5.689 ; 5.974 ;
; op[0]      ; r[1]        ; 5.683 ; 5.683 ; 5.683 ; 5.683 ;
; op[0]      ; r[2]        ; 5.899 ; 5.857 ; 5.857 ; 5.899 ;
; op[0]      ; r[3]        ; 5.745 ; 5.710 ; 5.710 ; 5.745 ;
; op[0]      ; r[4]        ; 5.767 ; 5.881 ; 5.881 ; 5.767 ;
; op[0]      ; r[5]        ; 5.577 ; 6.111 ; 6.111 ; 5.577 ;
; op[0]      ; r[6]        ; 5.633 ; 6.213 ; 6.213 ; 5.633 ;
; op[0]      ; r[7]        ; 5.912 ; 5.673 ; 5.673 ; 5.912 ;
; op[0]      ; zero        ; 5.920 ; 6.042 ; 6.042 ; 5.920 ;
; op[1]      ; ovf         ; 6.012 ; 6.012 ; 6.012 ; 6.012 ;
; op[1]      ; r[0]        ; 5.962 ; 5.598 ; 5.598 ; 5.962 ;
; op[1]      ; r[1]        ; 6.028 ; 5.883 ; 5.883 ; 6.028 ;
; op[1]      ; r[2]        ; 6.037 ; 5.766 ; 5.766 ; 6.037 ;
; op[1]      ; r[3]        ; 5.894 ; 5.619 ; 5.619 ; 5.894 ;
; op[1]      ; r[4]        ; 5.790 ; 5.969 ; 5.969 ; 5.790 ;
; op[1]      ; r[5]        ; 6.132 ; 5.779 ; 5.779 ; 6.132 ;
; op[1]      ; r[6]        ; 6.122 ; 5.835 ; 5.835 ; 6.122 ;
; op[1]      ; r[7]        ; 5.582 ; 5.905 ; 5.905 ; 5.582 ;
; op[1]      ; zero        ; 6.113 ; 5.829 ; 5.829 ; 6.113 ;
; op[2]      ; ovf         ; 5.931 ; 5.931 ; 5.931 ; 5.931 ;
; op[2]      ; r[0]        ; 5.410 ; 5.881 ; 5.881 ; 5.410 ;
; op[2]      ; r[1]        ; 5.695 ; 5.980 ; 5.980 ; 5.695 ;
; op[2]      ; r[2]        ; 5.578 ; 5.989 ; 5.989 ; 5.578 ;
; op[2]      ; r[3]        ; 5.431 ; 5.846 ; 5.846 ; 5.431 ;
; op[2]      ; r[4]        ; 5.850 ; 5.603 ; 5.603 ; 5.850 ;
; op[2]      ; r[5]        ; 5.832 ; 5.894 ; 5.894 ; 5.832 ;
; op[2]      ; r[6]        ; 6.189 ; 5.935 ; 5.935 ; 6.189 ;
; op[2]      ; r[7]        ; 5.560 ; 5.395 ; 5.395 ; 5.560 ;
; op[2]      ; zero        ; 5.642 ; 5.807 ; 5.807 ; 5.642 ;
; op[3]      ; ovf         ; 5.898 ; 5.898 ; 5.898 ; 5.898 ;
; op[3]      ; r[0]        ; 5.659 ; 5.797 ; 5.797 ; 5.659 ;
; op[3]      ; r[1]        ; 5.944 ; 5.703 ; 5.703 ; 5.944 ;
; op[3]      ; r[2]        ; 5.827 ; 5.664 ; 5.664 ; 5.827 ;
; op[3]      ; r[3]        ; 5.680 ; 5.516 ; 5.516 ; 5.680 ;
; op[3]      ; r[4]        ; 6.099 ; 5.844 ; 5.844 ; 6.099 ;
; op[3]      ; r[5]        ; 6.081 ; 6.136 ; 6.136 ; 6.081 ;
; op[3]      ; r[6]        ; 6.438 ; 6.176 ; 6.176 ; 6.438 ;
; op[3]      ; r[7]        ; 5.802 ; 5.636 ; 5.636 ; 5.802 ;
; op[3]      ; zero        ; 5.883 ; 6.049 ; 6.049 ; 5.883 ;
; op[4]      ; ovf         ; 6.025 ; 6.025 ; 6.025 ; 6.025 ;
; op[4]      ; r[0]        ;       ; 5.924 ; 5.924 ;       ;
; op[4]      ; r[1]        ;       ; 5.830 ; 5.830 ;       ;
; op[4]      ; r[2]        ;       ; 5.791 ; 5.791 ;       ;
; op[4]      ; r[3]        ;       ; 5.643 ; 5.643 ;       ;
; op[4]      ; r[4]        ;       ; 5.977 ; 5.977 ;       ;
; op[4]      ; r[5]        ;       ; 5.787 ; 5.787 ;       ;
; op[4]      ; r[6]        ;       ; 5.843 ; 5.843 ;       ;
; op[4]      ; r[7]        ;       ; 5.925 ; 5.925 ;       ;
; op[4]      ; zero        ; 6.137 ;       ;       ; 6.137 ;
+------------+-------------+-------+-------+-------+-------+


-------------------
; Clock Transfers ;
-------------------
Nothing to report.


---------------
; Report TCCS ;
---------------
No dedicated SERDES Transmitter circuitry present in device or used in design


---------------
; Report RSKM ;
---------------
No dedicated SERDES Receiver circuitry present in device or used in design


+------------------------------------------------+
; Unconstrained Paths                            ;
+---------------------------------+-------+------+
; Property                        ; Setup ; Hold ;
+---------------------------------+-------+------+
; Illegal Clocks                  ; 0     ; 0    ;
; Unconstrained Clocks            ; 0     ; 0    ;
; Unconstrained Input Ports       ; 21    ; 21   ;
; Unconstrained Input Port Paths  ; 168   ; 168  ;
; Unconstrained Output Ports      ; 10    ; 10   ;
; Unconstrained Output Port Paths ; 168   ; 168  ;
+---------------------------------+-------+------+


+------------------------------------+
; TimeQuest Timing Analyzer Messages ;
+------------------------------------+
Info: *******************************************************************
Info: Running Quartus II 64-Bit TimeQuest Timing Analyzer
    Info: Version 13.0.1 Build 232 06/12/2013 Service Pack 1 SJ Web Edition
    Info: Processing started: Wed Oct 05 21:02:08 2016
Info: Command: quartus_sta alu -c alu
Info: qsta_default_script.tcl version: #1
Warning (20028): Parallel compilation is not licensed and has been disabled
Info (21077): Low junction temperature is 0 degrees C
Info (21077): High junction temperature is 85 degrees C
Critical Warning (332012): Synopsys Design Constraints File file not found: 'alu.sdc'. A Synopsys Design Constraints File is required by the TimeQuest Timing Analyzer to get proper timing constraints. Without it, the Compiler will not properly optimize the design.
Info (332142): No user constrained base clocks found in the design. Calling "derive_clocks -period 1.0"
Info (332096): The command derive_clocks did not find any clocks to derive.  No clocks were created or changed.
Warning (332068): No clocks defined in design.
Info: Found TIMEQUEST_REPORT_SCRIPT_INCLUDE_DEFAULT_ANALYSIS = ON
Info (332159): No clocks to report
Info: Analyzing Slow Model
Info (332140): No fmax paths to report
Info (332140): No Setup paths to report
Info (332140): No Hold paths to report
Info (332140): No Recovery paths to report
Info (332140): No Removal paths to report
Info (332140): No Minimum Pulse Width paths to report
Info (332001): The selected device family is not supported by the report_metastability command.
Info: Analyzing Fast Model
Info (332142): No user constrained base clocks found in the design. Calling "derive_clocks -period 1.0"
Info (332096): The command derive_clocks did not find any clocks to derive.  No clocks were created or changed.
Warning (332068): No clocks defined in design.
Info (332140): No Setup paths to report
Info (332140): No Hold paths to report
Info (332140): No Recovery paths to report
Info (332140): No Removal paths to report
Info (332140): No Minimum Pulse Width paths to report
Info (332001): The selected device family is not supported by the report_metastability command.
Info (332102): Design is not fully constrained for setup requirements
Info (332102): Design is not fully constrained for hold requirements
Info: Quartus II 64-Bit TimeQuest Timing Analyzer was successful. 0 errors, 4 warnings
    Info: Peak virtual memory: 388 megabytes
    Info: Processing ended: Wed Oct 05 21:02:09 2016
    Info: Elapsed time: 00:00:01
    Info: Total CPU time (on all processors): 00:00:01


